{"numTotalTestSuites":101,"numPassedTestSuites":101,"numFailedTestSuites":0,"numPendingTestSuites":0,"numTotalTests":386,"numPassedTests":386,"numFailedTests":0,"numPendingTests":0,"numTodoTests":0,"snapshot":{"added":0,"failure":false,"filesAdded":0,"filesRemoved":0,"filesRemovedList":[],"filesUnmatched":0,"filesUpdated":0,"matched":0,"total":0,"unchecked":0,"uncheckedKeysByFile":[],"unmatched":0,"updated":0,"didUpdate":false},"startTime":1789107953943,"success":true,"testResults":[{"assertionResults":[{"ancestorTitles":["isOpenNow"],"fullName":"isOpenNow treats a range that runs past midnight as open at 00:00","status":"passed","title":"treats a range that runs past midnight as open at 00:00","duration":32.09970700000002,"failureMessages":[],"meta":{},"tags":[]},{"ancestorTitles":["isOpenNow"],"fullName":"isOpenNow stays closed on a holiday even inside business hours","status":"passed","title":"stays closed on a holiday even inside business hours","duration":0.6129199999999742,"failureMessages":[],"meta":{},"tags":[]},{"ancestorTitles":["isOpenNow"],"fullName":"isOpenNow does not throw on an invalid timezone string","status":"passed","title":"does not throw on an invalid timezone string","duration":1.4698419999999714,"failureMessages":[],"meta":{},"tags":[]},{"ancestorTitles":["isOpenNow"],"fullName":"isOpenNow is open when no hours are configured and closed on days marked closed","status":"passed","title":"is open when no hours are configured and closed on days marked closed","duration":0.41016000000001895,"failureMessages":[],"meta":{},"tags":[]}],"startTime":1789108322108,"endTime":1789108322143.4102,"status":"passed","message":"","name":"/dev-server/tests/business-hours.test.ts"},{"assertionResults":[{"ancestorTitles":["claim & routing concurrency","1. manual claim — many agents, one conversation"],"fullName":"claim & routing concurrency 1. manual claim — many agents, one conversation 2 simultaneous agents produce exactly one owner","status":"passed","title":"2 simultaneous agents produce exactly one owner","duration":3794.6362060000006,"failureMessages":[],"meta":{},"tags":[]},{"ancestorTitles":["claim & routing concurrency","1. manual claim — many agents, one conversation"],"fullName":"claim & routing concurrency 1. manual claim — many agents, one conversation 10 simultaneous agents produce exactly one owner","status":"passed","title":"10 simultaneous agents produce exactly one owner","duration":12194.824016000002,"failureMessages":[],"meta":{},"tags":[]},{"ancestorTitles":["claim & routing concurrency","1. manual claim — many agents, one conversation"],"fullName":"claim & routing concurrency 1. manual claim — many agents, one conversation 20 simultaneous agents produce exactly one owner","status":"passed","title":"20 simultaneous agents produce exactly one owner","duration":25331.960803,"failureMessages":[],"meta":{},"tags":[]},{"ancestorTitles":["claim & routing concurrency","2. one agent claiming many conversations (per-user lock)"],"fullName":"claim & routing concurrency 2. one agent claiming many conversations (per-user lock) capacity 1, 2 simultaneous claims → exactly one assignment","status":"passed","title":"capacity 1, 2 simultaneous claims → exactly one assignment","duration":2390.496514999999,"failureMessages":[],"meta":{},"tags":[]},{"ancestorTitles":["claim & routing concurrency","2. one agent claiming many conversations (per-user lock)"],"fullName":"claim & routing concurrency 2. one agent claiming many conversations (per-user lock) capacity 1, 5 simultaneous claims → exactly one assignment","status":"passed","title":"capacity 1, 5 simultaneous claims → exactly one assignment","duration":2344.9234639999995,"failureMessages":[],"meta":{},"tags":[]},{"ancestorTitles":["claim & routing concurrency","2. one agent claiming many conversations (per-user lock)"],"fullName":"claim & routing concurrency 2. one agent claiming many conversations (per-user lock) capacity 1, 10 simultaneous claims → exactly one assignment","status":"passed","title":"capacity 1, 10 simultaneous claims → exactly one assignment","duration":2787.6615689999962,"failureMessages":[],"meta":{},"tags":[]},{"ancestorTitles":["claim & routing concurrency","2. one agent claiming many conversations (per-user lock)"],"fullName":"claim & routing concurrency 2. one agent claiming many conversations (per-user lock) capacity 3 never exceeds three active conversations under concurrency","status":"passed","title":"capacity 3 never exceeds three active conversations under concurrency","duration":3053.529534000001,"failureMessages":[],"meta":{},"tags":[]},{"ancestorTitles":["claim & routing concurrency","3. presence enforcement (database-side)"],"fullName":"claim & routing concurrency 3. presence enforcement (database-side) a busy employee cannot claim","status":"passed","title":"a busy employee cannot claim","duration":2189.6976829999985,"failureMessages":[],"meta":{},"tags":[]},{"ancestorTitles":["claim & routing concurrency","3. presence enforcement (database-side)"],"fullName":"claim & routing concurrency 3. presence enforcement (database-side) a away employee cannot claim","status":"passed","title":"a away employee cannot claim","duration":1988.066405000005,"failureMessages":[],"meta":{},"tags":[]},{"ancestorTitles":["claim & routing concurrency","3. presence enforcement (database-side)"],"fullName":"claim & routing concurrency 3. presence enforcement (database-side) a offline employee cannot claim","status":"passed","title":"a offline employee cannot claim","duration":2021.6000419999982,"failureMessages":[],"meta":{},"tags":[]},{"ancestorTitles":["claim & routing concurrency","3. presence enforcement (database-side)"],"fullName":"claim & routing concurrency 3. presence enforcement (database-side) an available employee can claim, and becomes ineligible once away","status":"passed","title":"an available employee can claim, and becomes ineligible once away","duration":2534.0483410000015,"failureMessages":[],"meta":{},"tags":[]},{"ancestorTitles":["claim & routing concurrency","4. profile status and membership status"],"fullName":"claim & routing concurrency 4. profile status and membership status claim is denied when profile inactive","status":"passed","title":"claim is denied when profile inactive","duration":1845.4174360000034,"failureMessages":[],"meta":{},"tags":[]},{"ancestorTitles":["claim & routing concurrency","4. profile status and membership status"],"fullName":"claim & routing concurrency 4. profile status and membership status claim is denied when profile suspended","status":"passed","title":"claim is denied when profile suspended","duration":1916.726754999996,"failureMessages":[],"meta":{},"tags":[]},{"ancestorTitles":["claim & routing concurrency","4. profile status and membership status"],"fullName":"claim & routing concurrency 4. profile status and membership status claim is denied when membership suspended","status":"passed","title":"claim is denied when membership suspended","duration":1851.8484670000034,"failureMessages":[],"meta":{},"tags":[]},{"ancestorTitles":["claim & routing concurrency","4. profile status and membership status"],"fullName":"claim & routing concurrency 4. profile status and membership status claim is denied when membership removed","status":"passed","title":"claim is denied when membership removed","duration":1892.3940160000056,"failureMessages":[],"meta":{},"tags":[]},{"ancestorTitles":["claim & routing concurrency","4. profile status and membership status"],"fullName":"claim & routing concurrency 4. profile status and membership status an already-authenticated session cannot bypass a mid-session suspension","status":"passed","title":"an already-authenticated session cannot bypass a mid-session suspension","duration":3483.4430760000105,"failureMessages":[],"meta":{},"tags":[]},{"ancestorTitles":["claim & routing concurrency","5. department enforcement"],"fullName":"claim & routing concurrency 5. department enforcement only a member of the conversation's department may claim it","status":"passed","title":"only a member of the conversation's department may claim it","duration":3595.4434179999953,"failureMessages":[],"meta":{},"tags":[]},{"ancestorTitles":["claim & routing concurrency","6. non-claimable conversations"],"fullName":"claim & routing concurrency 6. non-claimable conversations a resolved conversation cannot be claimed","status":"passed","title":"a resolved conversation cannot be claimed","duration":1931.4907850000018,"failureMessages":[],"meta":{},"tags":[]},{"ancestorTitles":["claim & routing concurrency","6. non-claimable conversations"],"fullName":"claim & routing concurrency 6. non-claimable conversations a closed conversation cannot be claimed","status":"passed","title":"a closed conversation cannot be claimed","duration":1992.8880789999967,"failureMessages":[],"meta":{},"tags":[]},{"ancestorTitles":["claim & routing concurrency","6. non-claimable conversations"],"fullName":"claim & routing concurrency 6. non-claimable conversations a archived conversation cannot be claimed","status":"passed","title":"a archived conversation cannot be claimed","duration":1936.6344950000057,"failureMessages":[],"meta":{},"tags":[]},{"ancestorTitles":["claim & routing concurrency","6. non-claimable conversations"],"fullName":"claim & routing concurrency 6. non-claimable conversations a spam conversation cannot be claimed","status":"passed","title":"a spam conversation cannot be claimed","duration":2107.6185609999957,"failureMessages":[],"meta":{},"tags":[]},{"ancestorTitles":["claim & routing concurrency","6. non-claimable conversations"],"fullName":"claim & routing concurrency 6. non-claimable conversations an already assigned conversation cannot be claimed by someone else","status":"passed","title":"an already assigned conversation cannot be claimed by someone else","duration":3399.384328,"failureMessages":[],"meta":{},"tags":[]},{"ancestorTitles":["claim & routing concurrency","7. round-robin eligibility"],"fullName":"claim & routing concurrency 7. round-robin eligibility skips inactive members, inactive profiles, unavailable agents, outsiders and full agents","status":"passed","title":"skips inactive members, inactive profiles, unavailable agents, outsiders and full agents","duration":10145.894753,"failureMessages":[],"meta":{},"tags":[]},{"ancestorTitles":["claim & routing concurrency","7. round-robin eligibility"],"fullName":"claim & routing concurrency 7. round-robin eligibility leaves the conversation waiting when nobody is eligible","status":"passed","title":"leaves the conversation waiting when nobody is eligible","duration":2031.9874920000002,"failureMessages":[],"meta":{},"tags":[]},{"ancestorTitles":["claim & routing concurrency","8. round-robin capacity under concurrency"],"fullName":"claim & routing concurrency 8. round-robin capacity under concurrency a single capacity-1 agent never receives more than one conversation","status":"passed","title":"a single capacity-1 agent never receives more than one conversation","duration":2528.7753590000066,"failureMessages":[],"meta":{},"tags":[]},{"ancestorTitles":["claim & routing concurrency","8. round-robin capacity under concurrency"],"fullName":"claim & routing concurrency 8. round-robin capacity under concurrency mixed capacities 1 / 2 / 5 are all respected under concurrent routing","status":"passed","title":"mixed capacities 1 / 2 / 5 are all respected under concurrent routing","duration":5621.013886999994,"failureMessages":[],"meta":{},"tags":[]},{"ancestorTitles":["claim & routing concurrency","9. post-selection revalidation"],"fullName":"claim & routing concurrency 9. post-selection revalidation skips a candidate that becomes busy and picks the next eligible one","status":"passed","title":"skips a candidate that becomes busy and picks the next eligible one","duration":3883.2760280000075,"failureMessages":[],"meta":{},"tags":[]},{"ancestorTitles":["claim & routing concurrency","9. post-selection revalidation"],"fullName":"claim & routing concurrency 9. post-selection revalidation skips a candidate that goes offline and picks the next eligible one","status":"passed","title":"skips a candidate that goes offline and picks the next eligible one","duration":4031.6638070000045,"failureMessages":[],"meta":{},"tags":[]},{"ancestorTitles":["claim & routing concurrency","9. post-selection revalidation"],"fullName":"claim & routing concurrency 9. post-selection revalidation skips a candidate that is suspended and picks the next eligible one","status":"passed","title":"skips a candidate that is suspended and picks the next eligible one","duration":3527.086519999997,"failureMessages":[],"meta":{},"tags":[]},{"ancestorTitles":["claim & routing concurrency","9. post-selection revalidation"],"fullName":"claim & routing concurrency 9. post-selection revalidation skips a candidate that leaves the department and picks the next eligible one","status":"passed","title":"skips a candidate that leaves the department and picks the next eligible one","duration":3664.533546999999,"failureMessages":[],"meta":{},"tags":[]},{"ancestorTitles":["claim & routing concurrency","9. post-selection revalidation"],"fullName":"claim & routing concurrency 9. post-selection revalidation skips a candidate that profile is deactivated and picks the next eligible one","status":"passed","title":"skips a candidate that profile is deactivated and picks the next eligible one","duration":3613.178488000005,"failureMessages":[],"meta":{},"tags":[]},{"ancestorTitles":["claim & routing concurrency","9. post-selection revalidation"],"fullName":"claim & routing concurrency 9. post-selection revalidation skips a candidate that reached capacity and leaves the chat waiting when no one is left","status":"passed","title":"skips a candidate that reached capacity and leaves the chat waiting when no one is left","duration":2583.835196999993,"failureMessages":[],"meta":{},"tags":[]},{"ancestorTitles":["claim & routing concurrency","10. round-robin fairness"],"fullName":"claim & routing concurrency 10. round-robin fairness rotates across equally eligible agents without starving anyone","status":"passed","title":"rotates across equally eligible agents without starving anyone","duration":9578.748336000004,"failureMessages":[],"meta":{},"tags":[]},{"ancestorTitles":["claim & routing concurrency","11. zero capacity semantics"],"fullName":"claim & routing concurrency 11. zero capacity semantics documents max_concurrent_chats = 0 as unlimited for manual claim and routing","status":"passed","title":"documents max_concurrent_chats = 0 as unlimited for manual claim and routing","duration":3005.4013689999992,"failureMessages":[],"meta":{},"tags":[]},{"ancestorTitles":["claim & routing concurrency","12. notification recipient eligibility"],"fullName":"claim & routing concurrency 12. notification recipient eligibility fans out only to eligible department members","status":"passed","title":"fans out only to eligible department members","duration":8362.830919,"failureMessages":[],"meta":{},"tags":[]},{"ancestorTitles":["claim & routing concurrency","13. transfer eligibility revalidates against live state"],"fullName":"claim & routing concurrency 13. transfer eligibility revalidates against live state re-resolved candidates flip to ineligible as conditions change","status":"passed","title":"re-resolved candidates flip to ineligible as conditions change","duration":6313.064359999989,"failureMessages":[],"meta":{},"tags":[]},{"ancestorTitles":["claim & routing concurrency","19. claim and routing stay database-side"],"fullName":"claim & routing concurrency 19. claim and routing stay database-side neither path pulls the organization's conversations into memory","status":"passed","title":"neither path pulls the organization's conversations into memory","duration":5.456693999993149,"failureMessages":[],"meta":{},"tags":[]},{"ancestorTitles":["claim & routing concurrency","19. claim and routing stay database-side"],"fullName":"claim & routing concurrency 19. claim and routing stay database-side a claim is a single database round trip and returns promptly","status":"passed","title":"a claim is a single database round trip and returns promptly","duration":1628.6804729999858,"failureMessages":[],"meta":{},"tags":[]},{"ancestorTitles":["claim & routing concurrency","20. illegal lifecycle transitions are refused by the database"],"fullName":"claim & routing concurrency 20. illegal lifecycle transitions are refused by the database a resolved conversation cannot be claimed","status":"passed","title":"a resolved conversation cannot be claimed","duration":2601.8530639999954,"failureMessages":[],"meta":{},"tags":[]},{"ancestorTitles":["claim & routing concurrency","20. illegal lifecycle transitions are refused by the database"],"fullName":"claim & routing concurrency 20. illegal lifecycle transitions are refused by the database a conversation nobody owns cannot be replied to","status":"passed","title":"a conversation nobody owns cannot be replied to","duration":923.5349009999773,"failureMessages":[],"meta":{},"tags":[]},{"ancestorTitles":["claim & routing concurrency","20. illegal lifecycle transitions are refused by the database"],"fullName":"claim & routing concurrency 20. illegal lifecycle transitions are refused by the database a conversation nobody owns cannot be released","status":"passed","title":"a conversation nobody owns cannot be released","duration":904.3023859999957,"failureMessages":[],"meta":{},"tags":[]},{"ancestorTitles":["claim & routing concurrency","20. illegal lifecycle transitions are refused by the database"],"fullName":"claim & routing concurrency 20. illegal lifecycle transitions are refused by the database a legal claim still succeeds and is recorded once","status":"passed","title":"a legal claim still succeeds and is recorded once","duration":2115.2535419999913,"failureMessages":[],"meta":{},"tags":[]}],"startTime":1789107956800,"endTime":1789108120472.2537,"status":"passed","message":"","name":"/dev-server/tests/concurrency-routing.test.ts"},{"assertionResults":[{"ancestorTitles":["normalizeEmail"],"fullName":"normalizeEmail lowercases and trims","status":"passed","title":"lowercases and trims","duration":7.056876999999986,"failureMessages":[],"meta":{},"tags":[]},{"ancestorTitles":["normalizeEmail"],"fullName":"normalizeEmail returns null for empty input","status":"passed","title":"returns null for empty input","duration":2.0085599999999886,"failureMessages":[],"meta":{},"tags":[]},{"ancestorTitles":["normalizeEmail"],"fullName":"normalizeEmail does not carry PostgREST filter syntax through untouched casing","status":"passed","title":"does not carry PostgREST filter syntax through untouched casing","duration":0.33699300000000676,"failureMessages":[],"meta":{},"tags":[]},{"ancestorTitles":["normalizePhone"],"fullName":"normalizePhone keeps digits only","status":"passed","title":"keeps digits only","duration":0.6559389999999894,"failureMessages":[],"meta":{},"tags":[]},{"ancestorTitles":["normalizePhone"],"fullName":"normalizePhone treats differently formatted numbers as equal","status":"passed","title":"treats differently formatted numbers as equal","duration":0.3240000000000123,"failureMessages":[],"meta":{},"tags":[]},{"ancestorTitles":["normalizePhone"],"fullName":"normalizePhone returns null when too short to identify anyone","status":"passed","title":"returns null when too short to identify anyone","duration":0.3399280000000431,"failureMessages":[],"meta":{},"tags":[]},{"ancestorTitles":["visitorSuppliedDetails"],"fullName":"visitorSuppliedDetails summarises what the visitor typed and says the contact was untouched","status":"passed","title":"summarises what the visitor typed and says the contact was untouched","duration":0.5307399999999802,"failureMessages":[],"meta":{},"tags":[]},{"ancestorTitles":["visitorSuppliedDetails"],"fullName":"visitorSuppliedDetails handles a submission with nothing extra","status":"passed","title":"handles a submission with nothing extra","duration":0.1576409999999555,"failureMessages":[],"meta":{},"tags":[]},{"ancestorTitles":["appendNote"],"fullName":"appendNote keeps the original reason above the appended block","status":"passed","title":"keeps the original reason above the appended block","duration":0.5013309999999933,"failureMessages":[],"meta":{},"tags":[]},{"ancestorTitles":["appendNote"],"fullName":"appendNote returns the addition alone when there is no existing note","status":"passed","title":"returns the addition alone when there is no existing note","duration":0.21240499999998974,"failureMessages":[],"meta":{},"tags":[]}],"startTime":1789108325829,"endTime":1789108325842.5012,"status":"passed","message":"","name":"/dev-server/tests/contact-normalize.test.ts"},{"assertionResults":[{"ancestorTitles":["detectCrisis"],"fullName":"detectCrisis flags: I'm going to kill myself tonight","status":"passed","title":"flags: I'm going to kill myself tonight","duration":3.666430000000048,"failureMessages":[],"meta":{},"tags":[]},{"ancestorTitles":["detectCrisis"],"fullName":"detectCrisis flags: I am about to hurt someone","status":"passed","title":"flags: I am about to hurt someone","duration":0.42128200000001925,"failureMessages":[],"meta":{},"tags":[]},{"ancestorTitles":["detectCrisis"],"fullName":"detectCrisis flags: I think I'm having a heart attack","status":"passed","title":"flags: I think I'm having a heart attack","duration":0.2933230000000435,"failureMessages":[],"meta":{},"tags":[]},{"ancestorTitles":["detectCrisis"],"fullName":"detectCrisis flags: I have a stroke happening right now","status":"passed","title":"flags: I have a stroke happening right now","duration":0.2948170000000232,"failureMessages":[],"meta":{},"tags":[]},{"ancestorTitles":["detectCrisis"],"fullName":"detectCrisis flags: I can't breathe","status":"passed","title":"flags: I can't breathe","duration":0.2413190000000327,"failureMessages":[],"meta":{},"tags":[]},{"ancestorTitles":["detectCrisis"],"fullName":"detectCrisis flags: I cannot breathe properly","status":"passed","title":"flags: I cannot breathe properly","duration":0.2429339999999911,"failureMessages":[],"meta":{},"tags":[]},{"ancestorTitles":["detectCrisis"],"fullName":"detectCrisis flags: thinking about suicide","status":"passed","title":"flags: thinking about suicide","duration":0.15886199999999917,"failureMessages":[],"meta":{},"tags":[]},{"ancestorTitles":["detectCrisis"],"fullName":"detectCrisis flags: I want to end my life","status":"passed","title":"flags: I want to end my life","duration":0.11895300000003317,"failureMessages":[],"meta":{},"tags":[]},{"ancestorTitles":["detectCrisis"],"fullName":"detectCrisis does not flag: what is your emergency line","status":"passed","title":"does not flag: what is your emergency line","duration":1.57000400000004,"failureMessages":[],"meta":{},"tags":[]},{"ancestorTitles":["detectCrisis"],"fullName":"detectCrisis does not flag: is the after-hours line for emergencies","status":"passed","title":"does not flag: is the after-hours line for emergencies","duration":0.6722570000000019,"failureMessages":[],"meta":{},"tags":[]},{"ancestorTitles":["detectCrisis"],"fullName":"detectCrisis does not flag: I had chest pain last year and want to ask about coverage","status":"passed","title":"does not flag: I had chest pain last year and want to ask about coverage","duration":0.1959690000000478,"failureMessages":[],"meta":{},"tags":[]},{"ancestorTitles":["detectCrisis"],"fullName":"detectCrisis does not flag: does the plan cover bleeding disorders","status":"passed","title":"does not flag: does the plan cover bleeding disorders","duration":0.08043400000002521,"failureMessages":[],"meta":{},"tags":[]},{"ancestorTitles":["detectCrisis"],"fullName":"detectCrisis does not flag: who do I call in an emergency","status":"passed","title":"does not flag: who do I call in an emergency","duration":0.0770689999999945,"failureMessages":[],"meta":{},"tags":[]},{"ancestorTitles":["detectCrisis"],"fullName":"detectCrisis does not flag: my father was unconscious after surgery, is rehab covered","status":"passed","title":"does not flag: my father was unconscious after surgery, is rehab covered","duration":0.060158000000001266,"failureMessages":[],"meta":{},"tags":[]},{"ancestorTitles":["applyConfidenceBand"],"fullName":"applyConfidenceBand returns the model answer untouched when confident","status":"passed","title":"returns the model answer untouched when confident","duration":3.1562299999999937,"failureMessages":[],"meta":{},"tags":[]},{"ancestorTitles":["applyConfidenceBand"],"fullName":"applyConfidenceBand hedges the model answer between 0.3 and 0.5","status":"passed","title":"hedges the model answer between 0.3 and 0.5","duration":0.33221800000001167,"failureMessages":[],"meta":{},"tags":[]},{"ancestorTitles":["applyConfidenceBand"],"fullName":"applyConfidenceBand uses the canned reply below 0.3","status":"passed","title":"uses the canned reply below 0.3","duration":0.1707749999999919,"failureMessages":[],"meta":{},"tags":[]},{"ancestorTitles":["applyConfidenceBand"],"fullName":"applyConfidenceBand uses the canned reply when the model returned nothing","status":"passed","title":"uses the canned reply when the model returned nothing","duration":0.07588499999997111,"failureMessages":[],"meta":{},"tags":[]}],"startTime":1789108324308,"endTime":1789108324321.076,"status":"passed","message":"","name":"/dev-server/tests/crisis-detection.test.ts"},{"assertionResults":[{"ancestorTitles":["csv serialisation"],"fullName":"csv serialisation emits a header row from the first record","status":"passed","title":"emits a header row from the first record","duration":1.9255719999999883,"failureMessages":[],"meta":{},"tags":[]},{"ancestorTitles":["csv serialisation"],"fullName":"csv serialisation quotes commas, quotes and newlines","status":"passed","title":"quotes commas, quotes and newlines","duration":0.4111679999999751,"failureMessages":[],"meta":{},"tags":[]},{"ancestorTitles":["csv serialisation"],"fullName":"csv serialisation neutralises spreadsheet formula injection","status":"passed","title":"neutralises spreadsheet formula injection","duration":0.3823810000000094,"failureMessages":[],"meta":{},"tags":[]},{"ancestorTitles":["csv serialisation"],"fullName":"csv serialisation leaves ordinary values untouched","status":"passed","title":"leaves ordinary values untouched","duration":0.1511660000000461,"failureMessages":[],"meta":{},"tags":[]},{"ancestorTitles":["csv serialisation"],"fullName":"csv serialisation honours an explicit column list and blanks missing values","status":"passed","title":"honours an explicit column list and blanks missing values","duration":0.2099240000000009,"failureMessages":[],"meta":{},"tags":[]},{"ancestorTitles":["csv serialisation"],"fullName":"csv serialisation returns nothing for an empty dataset","status":"passed","title":"returns nothing for an empty dataset","duration":0.15158599999995204,"failureMessages":[],"meta":{},"tags":[]}],"startTime":1789108326634,"endTime":1789108326638.21,"status":"passed","message":"","name":"/dev-server/tests/csv.test.ts"},{"assertionResults":[{"ancestorTitles":["extractFacts"],"fullName":"extractFacts finds phone numbers, links, amounts and percentages","status":"passed","title":"finds phone numbers, links, amounts and percentages","duration":6.678153000000009,"failureMessages":[],"meta":{},"tags":[]},{"ancestorTitles":["checkGrounding"],"fullName":"checkGrounding keeps facts that appear in a cited source, even in another format","status":"passed","title":"keeps facts that appear in a cited source, even in another format","duration":0.9785069999999791,"failureMessages":[],"meta":{},"tags":[]},{"ancestorTitles":["checkGrounding"],"fullName":"checkGrounding strips an invented phone number and lowers confidence","status":"passed","title":"strips an invented phone number and lowers confidence","duration":0.6355130000000031,"failureMessages":[],"meta":{},"tags":[]},{"ancestorTitles":["checkGrounding"],"fullName":"checkGrounding strips an unsupported link and dollar amount","status":"passed","title":"strips an unsupported link and dollar amount","duration":0.9325080000000412,"failureMessages":[],"meta":{},"tags":[]},{"ancestorTitles":["checkGrounding"],"fullName":"checkGrounding treats an answer with no cited sources as low confidence","status":"passed","title":"treats an answer with no cited sources as low confidence","duration":0.35458600000004026,"failureMessages":[],"meta":{},"tags":[]},{"ancestorTitles":["checkGrounding"],"fullName":"checkGrounding never returns an empty answer when every sentence was stripped","status":"passed","title":"never returns an empty answer when every sentence was stripped","duration":0.2645119999999679,"failureMessages":[],"meta":{},"tags":[]},{"ancestorTitles":["Spanish support"],"fullName":"Spanish support detects Spanish crisis phrases","status":"passed","title":"detects Spanish crisis phrases","duration":1.3242389999999773,"failureMessages":[],"meta":{},"tags":[]},{"ancestorTitles":["Spanish support"],"fullName":"Spanish support does not flag ordinary Spanish questions","status":"passed","title":"does not flag ordinary Spanish questions","duration":2.1251290000000154,"failureMessages":[],"meta":{},"tags":[]},{"ancestorTitles":["Spanish support"],"fullName":"Spanish support maps language hints to a supported reply language","status":"passed","title":"maps language hints to a supported reply language","duration":0.6437779999999975,"failureMessages":[],"meta":{},"tags":[]},{"ancestorTitles":["Spanish support"],"fullName":"Spanish support uses Spanish canned replies and hedge when the visitor speaks Spanish","status":"passed","title":"uses Spanish canned replies and hedge when the visitor speaks Spanish","duration":0.398666999999989,"failureMessages":[],"meta":{},"tags":[]}],"startTime":1789108322444,"endTime":1789108322459.3987,"status":"passed","message":"","name":"/dev-server/tests/grounding.test.ts"},{"assertionResults":[{"ancestorTitles":["chunkText"],"fullName":"chunkText prefixes every chunk with the document title","status":"passed","title":"prefixes every chunk with the document title","duration":2.169774000000018,"failureMessages":[],"meta":{},"tags":[]},{"ancestorTitles":["chunkText"],"fullName":"chunkText overlaps consecutive chunks even when paragraphs are short","status":"passed","title":"overlaps consecutive chunks even when paragraphs are short","duration":0.4948470000000498,"failureMessages":[],"meta":{},"tags":[]},{"ancestorTitles":["chunkText"],"fullName":"chunkText returns nothing for empty text","status":"passed","title":"returns nothing for empty text","duration":0.6434270000000311,"failureMessages":[],"meta":{},"tags":[]},{"ancestorTitles":["source documents"],"fullName":"source documents formats a FAQ as question and answer","status":"passed","title":"formats a FAQ as question and answer","duration":0.19945899999999028,"failureMessages":[],"meta":{},"tags":[]},{"ancestorTitles":["source documents"],"fullName":"source documents includes coverage details for a service","status":"passed","title":"includes coverage details for a service","duration":0.4819529999999759,"failureMessages":[],"meta":{},"tags":[]},{"ancestorTitles":["source documents"],"fullName":"source documents skips missing service fields","status":"passed","title":"skips missing service fields","duration":0.1692600000000084,"failureMessages":[],"meta":{},"tags":[]}],"startTime":1789108325495,"endTime":1789108325500.1692,"status":"passed","message":"","name":"/dev-server/tests/knowledge-index.test.ts"},{"assertionResults":[{"ancestorTitles":["mergeOrgLimits"],"fullName":"mergeOrgLimits returns the defaults when no row exists","status":"passed","title":"returns the defaults when no row exists","duration":4.956857000000014,"failureMessages":[],"meta":{},"tags":[]},{"ancestorTitles":["mergeOrgLimits"],"fullName":"mergeOrgLimits ignores null columns instead of disabling a limit","status":"passed","title":"ignores null columns instead of disabling a limit","duration":0.36422999999996364,"failureMessages":[],"meta":{},"tags":[]},{"ancestorTitles":["mergeOrgLimits"],"fullName":"mergeOrgLimits keeps configured values, including a deliberate zero and hard_stop false","status":"passed","title":"keeps configured values, including a deliberate zero and hard_stop false","duration":1.5139519999999607,"failureMessages":[],"meta":{},"tags":[]},{"ancestorTitles":["mergeOrgLimits"],"fullName":"mergeOrgLimits ignores unusable values and extra columns","status":"passed","title":"ignores unusable values and extra columns","duration":0.4470670000000041,"failureMessages":[],"meta":{},"tags":[]}],"startTime":1789108326310,"endTime":1789108326317.514,"status":"passed","message":"","name":"/dev-server/tests/org-limits.test.ts"},{"assertionResults":[{"ancestorTitles":["organization timezone maths"],"fullName":"organization timezone maths falls back to the default zone for junk input","status":"passed","title":"falls back to the default zone for junk input","duration":22.898618999999997,"failureMessages":[],"meta":{},"tags":[]},{"ancestorTitles":["organization timezone maths"],"fullName":"organization timezone maths anchors 'today' on local midnight, not UTC midnight","status":"passed","title":"anchors 'today' on local midnight, not UTC midnight","duration":1.5669040000000223,"failureMessages":[],"meta":{},"tags":[]},{"ancestorTitles":["organization timezone maths"],"fullName":"organization timezone maths keeps a spring-forward day exactly one calendar day long","status":"passed","title":"keeps a spring-forward day exactly one calendar day long","duration":0.43012099999998554,"failureMessages":[],"meta":{},"tags":[]},{"ancestorTitles":["organization timezone maths"],"fullName":"organization timezone maths keeps a fall-back day exactly one calendar day long","status":"passed","title":"keeps a fall-back day exactly one calendar day long","duration":1.0906570000000215,"failureMessages":[],"meta":{},"tags":[]},{"ancestorTitles":["organization timezone maths"],"fullName":"organization timezone maths starts the week on local Monday midnight","status":"passed","title":"starts the week on local Monday midnight","duration":1.826533999999981,"failureMessages":[],"meta":{},"tags":[]},{"ancestorTitles":["organization timezone maths"],"fullName":"organization timezone maths starts the month on the local first","status":"passed","title":"starts the month on the local first","duration":0.3359570000000076,"failureMessages":[],"meta":{},"tags":[]},{"ancestorTitles":["organization timezone maths"],"fullName":"organization timezone maths gives a comparison window of equal length","status":"passed","title":"gives a comparison window of equal length","duration":0.6227840000000242,"failureMessages":[],"meta":{},"tags":[]},{"ancestorTitles":["organization timezone maths"],"fullName":"organization timezone maths rolls 'last N days' back from local midnight, DST included","status":"passed","title":"rolls 'last N days' back from local midnight, DST included","duration":0.555548999999985,"failureMessages":[],"meta":{},"tags":[]},{"ancestorTitles":["organization timezone maths"],"fullName":"organization timezone maths treats a picked date range as inclusive of the end day","status":"passed","title":"treats a picked date range as inclusive of the end day","duration":0.7546510000000239,"failureMessages":[],"meta":{},"tags":[]},{"ancestorTitles":["organization timezone maths"],"fullName":"organization timezone maths reads the same instant differently in two tenant zones","status":"passed","title":"reads the same instant differently in two tenant zones","duration":0.3801459999999679,"failureMessages":[],"meta":{},"tags":[]}],"startTime":1789108321772,"endTime":1789108321803.3801,"status":"passed","message":"","name":"/dev-server/tests/org-time.test.ts"},{"assertionResults":[{"ancestorTitles":["role permission bundles"],"fullName":"role permission bundles standard users only reach their own conversations","status":"passed","title":"standard users only reach their own conversations","duration":7.143966999999975,"failureMessages":[],"meta":{},"tags":[]},{"ancestorTitles":["role permission bundles"],"fullName":"role permission bundles team leads see their department but cannot administer","status":"passed","title":"team leads see their department but cannot administer","duration":0.4463269999999966,"failureMessages":[],"meta":{},"tags":[]},{"ancestorTitles":["role permission bundles"],"fullName":"role permission bundles only super admins manage security and organizations","status":"passed","title":"only super admins manage security and organizations","duration":0.2941720000000032,"failureMessages":[],"meta":{},"tags":[]},{"ancestorTitles":["role permission bundles"],"fullName":"role permission bundles platform billing and support never gain tenant administration","status":"passed","title":"platform billing and support never gain tenant administration","duration":0.4392429999999763,"failureMessages":[],"meta":{},"tags":[]},{"ancestorTitles":["privilege escalation guards"],"fullName":"privilege escalation guards blocks self role changes","status":"passed","title":"blocks self role changes","duration":0.3187550000000101,"failureMessages":[],"meta":{},"tags":[]},{"ancestorTitles":["privilege escalation guards"],"fullName":"privilege escalation guards stops administrators granting or editing super admin","status":"passed","title":"stops administrators granting or editing super admin","duration":0.19490899999999556,"failureMessages":[],"meta":{},"tags":[]},{"ancestorTitles":["privilege escalation guards"],"fullName":"privilege escalation guards stops managers and team leads changing roles at all","status":"passed","title":"stops managers and team leads changing roles at all","duration":0.23303699999996752,"failureMessages":[],"meta":{},"tags":[]},{"ancestorTitles":["privilege escalation guards"],"fullName":"privilege escalation guards allows an administrator to promote up to their own level","status":"passed","title":"allows an administrator to promote up to their own level","duration":0.14798500000000558,"failureMessages":[],"meta":{},"tags":[]},{"ancestorTitles":["privilege escalation guards"],"fullName":"privilege escalation guards allows a super admin to grant super admin","status":"passed","title":"allows a super admin to grant super admin","duration":3.9787170000000174,"failureMessages":[],"meta":{},"tags":[]}],"startTime":1789108324686,"endTime":1789108324699.9788,"status":"passed","message":"","name":"/dev-server/tests/permissions.test.ts"},{"assertionResults":[{"ancestorTitles":["queue predicate"],"fullName":"queue predicate describes exactly one rule","status":"passed","title":"describes exactly one rule","duration":2.7416660000000093,"failureMessages":[],"meta":{},"tags":[]},{"ancestorTitles":["queue predicate"],"fullName":"queue predicate keeps AI-handled chats out of the human queue","status":"passed","title":"keeps AI-handled chats out of the human queue","duration":0.360191000000043,"failureMessages":[],"meta":{},"tags":[]},{"ancestorTitles":["queue predicate"],"fullName":"queue predicate queues only unassigned chats where a person was requested","status":"passed","title":"queues only unassigned chats where a person was requested","duration":0.26446700000002465,"failureMessages":[],"meta":{},"tags":[]},{"ancestorTitles":["queue predicate"],"fullName":"queue predicate treats abandoned as finished and excluded from reporting totals","status":"passed","title":"treats abandoned as finished and excluded from reporting totals","duration":0.9477329999999711,"failureMessages":[],"meta":{},"tags":[]},{"ancestorTitles":["wait label"],"fullName":"wait label formats minutes, hours and days","status":"passed","title":"formats minutes, hours and days","duration":0.3602510000000052,"failureMessages":[],"meta":{},"tags":[]},{"ancestorTitles":["wait label"],"fullName":"wait label handles a missing timestamp","status":"passed","title":"handles a missing timestamp","duration":0.156928999999991,"failureMessages":[],"meta":{},"tags":[]},{"ancestorTitles":["reopening a finished chat"],"fullName":"reopening a finished chat reopens resolved, closed and abandoned chats","status":"passed","title":"reopens resolved, closed and abandoned chats","duration":0.3664630000000102,"failureMessages":[],"meta":{},"tags":[]},{"ancestorTitles":["reopening a finished chat"],"fullName":"reopening a finished chat ignores replies in a live chat and messages from staff","status":"passed","title":"ignores replies in a live chat and messages from staff","duration":0.1748829999999657,"failureMessages":[],"meta":{},"tags":[]},{"ancestorTitles":["reopening a finished chat"],"fullName":"reopening a finished chat only re-queues a human when a person was involved before","status":"passed","title":"only re-queues a human when a person was involved before","duration":0.7260890000000018,"failureMessages":[],"meta":{},"tags":[]},{"ancestorTitles":["reopening a finished chat"],"fullName":"reopening a finished chat keeps an available owner and requeues an unavailable one","status":"passed","title":"keeps an available owner and requeues an unavailable one","duration":0.40267500000004475,"failureMessages":[],"meta":{},"tags":[]}],"startTime":1789108323528,"endTime":1789108323534.726,"status":"passed","message":"","name":"/dev-server/tests/queue-predicate.test.ts"},{"assertionResults":[{"ancestorTitles":["authenticated RBAC boundaries","cross-tenant denial"],"fullName":"authenticated RBAC boundaries cross-tenant denial a member of tenant B sees no conversation from tenant A","status":"passed","title":"a member of tenant B sees no conversation from tenant A","duration":270.299500000001,"failureMessages":[],"meta":{},"tags":[]},{"ancestorTitles":["authenticated RBAC boundaries","cross-tenant denial"],"fullName":"authenticated RBAC boundaries cross-tenant denial a member of tenant B cannot read tenant A's organization record","status":"passed","title":"a member of tenant B cannot read tenant A's organization record","duration":231.81274499999927,"failureMessages":[],"meta":{},"tags":[]},{"ancestorTitles":["authenticated RBAC boundaries","cross-tenant denial"],"fullName":"authenticated RBAC boundaries cross-tenant denial a member of tenant B cannot write into tenant A","status":"passed","title":"a member of tenant B cannot write into tenant A","duration":276.7428250000012,"failureMessages":[],"meta":{},"tags":[]},{"ancestorTitles":["authenticated RBAC boundaries","Standard Users"],"fullName":"authenticated RBAC boundaries Standard Users A and B both see the conversations in their shared department","status":"passed","title":"A and B both see the conversations in their shared department","duration":504.032056,"failureMessages":[],"meta":{},"tags":[]},{"ancestorTitles":["authenticated RBAC boundaries","Standard Users"],"fullName":"authenticated RBAC boundaries Standard Users B may view A's owned conversation but cannot take ownership of it","status":"passed","title":"B may view A's owned conversation but cannot take ownership of it","duration":437.4437590000016,"failureMessages":[],"meta":{},"tags":[]},{"ancestorTitles":["authenticated RBAC boundaries","Standard Users"],"fullName":"authenticated RBAC boundaries Standard Users B cannot reply on a conversation owned by A","status":"passed","title":"B cannot reply on a conversation owned by A","duration":237.85713399999804,"failureMessages":[],"meta":{},"tags":[]},{"ancestorTitles":["authenticated RBAC boundaries","Standard Users"],"fullName":"authenticated RBAC boundaries Standard Users A can reply on the conversation they own","status":"passed","title":"A can reply on the conversation they own","duration":242.31797000000006,"failureMessages":[],"meta":{},"tags":[]},{"ancestorTitles":["authenticated RBAC boundaries","Standard Users"],"fullName":"authenticated RBAC boundaries Standard Users C cannot see the other department's conversations","status":"passed","title":"C cannot see the other department's conversations","duration":259.4102039999998,"failureMessages":[],"meta":{},"tags":[]},{"ancestorTitles":["authenticated RBAC boundaries","Standard Users"],"fullName":"authenticated RBAC boundaries Standard Users C sees their own department's conversation","status":"passed","title":"C sees their own department's conversation","duration":209.06845500000054,"failureMessages":[],"meta":{},"tags":[]},{"ancestorTitles":["authenticated RBAC boundaries","Standard Users"],"fullName":"authenticated RBAC boundaries Standard Users a Standard User cannot modify roles","status":"passed","title":"a Standard User cannot modify roles","duration":431.74222799999916,"failureMessages":[],"meta":{},"tags":[]},{"ancestorTitles":["authenticated RBAC boundaries","Standard Users"],"fullName":"authenticated RBAC boundaries Standard Users a Standard User cannot make themselves a platform administrator","status":"passed","title":"a Standard User cannot make themselves a platform administrator","duration":192.890199999998,"failureMessages":[],"meta":{},"tags":[]},{"ancestorTitles":["authenticated RBAC boundaries","Standard Users"],"fullName":"authenticated RBAC boundaries Standard Users a Standard User cannot grant themselves a role row","status":"passed","title":"a Standard User cannot grant themselves a role row","duration":195.0921750000016,"failureMessages":[],"meta":{},"tags":[]},{"ancestorTitles":["authenticated RBAC boundaries","Team Lead"],"fullName":"authenticated RBAC boundaries Team Lead can access their assigned department's conversations","status":"passed","title":"can access their assigned department's conversations","duration":249.01566300000195,"failureMessages":[],"meta":{},"tags":[]},{"ancestorTitles":["authenticated RBAC boundaries","Team Lead"],"fullName":"authenticated RBAC boundaries Team Lead cannot access an unauthorized department","status":"passed","title":"cannot access an unauthorized department","duration":201.66382599999997,"failureMessages":[],"meta":{},"tags":[]},{"ancestorTitles":["authenticated RBAC boundaries","Team Lead"],"fullName":"authenticated RBAC boundaries Team Lead cannot change organization roles","status":"passed","title":"cannot change organization roles","duration":821.7114480000018,"failureMessages":[],"meta":{},"tags":[]},{"ancestorTitles":["authenticated RBAC boundaries","Manager"],"fullName":"authenticated RBAC boundaries Manager can access their assigned department","status":"passed","title":"can access their assigned department","duration":239.49872700000196,"failureMessages":[],"meta":{},"tags":[]},{"ancestorTitles":["authenticated RBAC boundaries","Manager"],"fullName":"authenticated RBAC boundaries Manager cannot access an unauthorized department","status":"passed","title":"cannot access an unauthorized department","duration":191.1784340000013,"failureMessages":[],"meta":{},"tags":[]},{"ancestorTitles":["authenticated RBAC boundaries","Manager"],"fullName":"authenticated RBAC boundaries Manager cannot change organization roles","status":"passed","title":"cannot change organization roles","duration":444.4219830000002,"failureMessages":[],"meta":{},"tags":[]},{"ancestorTitles":["authenticated RBAC boundaries","Manager with zero departments"],"fullName":"authenticated RBAC boundaries Manager with zero departments receives no department conversations at all","status":"passed","title":"receives no department conversations at all","duration":238.14578600000095,"failureMessages":[],"meta":{},"tags":[]},{"ancestorTitles":["authenticated RBAC boundaries","Manager with zero departments"],"fullName":"authenticated RBAC boundaries Manager with zero departments never falls back to organization-wide reporting scope","status":"passed","title":"never falls back to organization-wide reporting scope","duration":450.4921009999998,"failureMessages":[],"meta":{},"tags":[]},{"ancestorTitles":["authenticated RBAC boundaries","Administrator"],"fullName":"authenticated RBAC boundaries Administrator can access organization-wide conversations","status":"passed","title":"can access organization-wide conversations","duration":233.5839199999973,"failureMessages":[],"meta":{},"tags":[]},{"ancestorTitles":["authenticated RBAC boundaries","Administrator"],"fullName":"authenticated RBAC boundaries Administrator cannot access organization B","status":"passed","title":"cannot access organization B","duration":396.6122480000013,"failureMessages":[],"meta":{},"tags":[]},{"ancestorTitles":["authenticated RBAC boundaries","Administrator"],"fullName":"authenticated RBAC boundaries Administrator cannot promote another user to Super Admin","status":"passed","title":"cannot promote another user to Super Admin","duration":445.74769599999854,"failureMessages":[],"meta":{},"tags":[]},{"ancestorTitles":["authenticated RBAC boundaries","Administrator"],"fullName":"authenticated RBAC boundaries Administrator cannot modify their own role","status":"passed","title":"cannot modify their own role","duration":416.1091830000005,"failureMessages":[],"meta":{},"tags":[]},{"ancestorTitles":["authenticated RBAC boundaries","Super Admin"],"fullName":"authenticated RBAC boundaries Super Admin receives organization-wide access","status":"passed","title":"receives organization-wide access","duration":228.34977400000207,"failureMessages":[],"meta":{},"tags":[]},{"ancestorTitles":["authenticated RBAC boundaries","Super Admin"],"fullName":"authenticated RBAC boundaries Super Admin still cannot access another tenant","status":"passed","title":"still cannot access another tenant","duration":415.6210409999985,"failureMessages":[],"meta":{},"tags":[]},{"ancestorTitles":["authenticated RBAC boundaries","Super Admin"],"fullName":"authenticated RBAC boundaries Super Admin cannot delete another tenant's organization","status":"passed","title":"cannot delete another tenant's organization","duration":421.97621999999683,"failureMessages":[],"meta":{},"tags":[]},{"ancestorTitles":["authenticated RBAC boundaries","audit log attribution"],"fullName":"authenticated RBAC boundaries audit log attribution stores the caller's own id when the client forges actor_id","status":"passed","title":"stores the caller's own id when the client forges actor_id","duration":457.32078399999955,"failureMessages":[],"meta":{},"tags":[]},{"ancestorTitles":["authenticated RBAC boundaries","personal profile updates never grant authority"],"fullName":"authenticated RBAC boundaries personal profile updates never grant authority userA cannot move themselves to another organization","status":"passed","title":"userA cannot move themselves to another organization","duration":455.66997600000104,"failureMessages":[],"meta":{},"tags":[]},{"ancestorTitles":["authenticated RBAC boundaries","personal profile updates never grant authority"],"fullName":"authenticated RBAC boundaries personal profile updates never grant authority userA cannot raise their own concurrent chat capacity","status":"passed","title":"userA cannot raise their own concurrent chat capacity","duration":660.9007889999993,"failureMessages":[],"meta":{},"tags":[]},{"ancestorTitles":["authenticated RBAC boundaries","personal profile updates never grant authority"],"fullName":"authenticated RBAC boundaries personal profile updates never grant authority userA cannot change their own account status","status":"passed","title":"userA cannot change their own account status","duration":672.7639920000001,"failureMessages":[],"meta":{},"tags":[]},{"ancestorTitles":["authenticated RBAC boundaries","personal profile updates never grant authority"],"fullName":"authenticated RBAC boundaries personal profile updates never grant authority userA's profile email keeps mirroring the sign-in email","status":"passed","title":"userA's profile email keeps mirroring the sign-in email","duration":448.13426499999696,"failureMessages":[],"meta":{},"tags":[]},{"ancestorTitles":["authenticated RBAC boundaries","personal profile updates never grant authority"],"fullName":"authenticated RBAC boundaries personal profile updates never grant authority adminA cannot move themselves to another organization","status":"passed","title":"adminA cannot move themselves to another organization","duration":434.2639780000027,"failureMessages":[],"meta":{},"tags":[]},{"ancestorTitles":["authenticated RBAC boundaries","personal profile updates never grant authority"],"fullName":"authenticated RBAC boundaries personal profile updates never grant authority adminA cannot raise their own concurrent chat capacity","status":"passed","title":"adminA cannot raise their own concurrent chat capacity","duration":640.9937140000002,"failureMessages":[],"meta":{},"tags":[]},{"ancestorTitles":["authenticated RBAC boundaries","personal profile updates never grant authority"],"fullName":"authenticated RBAC boundaries personal profile updates never grant authority adminA cannot change their own account status","status":"passed","title":"adminA cannot change their own account status","duration":656.3716300000015,"failureMessages":[],"meta":{},"tags":[]},{"ancestorTitles":["authenticated RBAC boundaries","personal profile updates never grant authority"],"fullName":"authenticated RBAC boundaries personal profile updates never grant authority adminA's profile email keeps mirroring the sign-in email","status":"passed","title":"adminA's profile email keeps mirroring the sign-in email","duration":409.85859100000016,"failureMessages":[],"meta":{},"tags":[]},{"ancestorTitles":["authenticated RBAC boundaries","personal profile updates never grant authority"],"fullName":"authenticated RBAC boundaries personal profile updates never grant authority superA cannot move themselves to another organization","status":"passed","title":"superA cannot move themselves to another organization","duration":445.301281,"failureMessages":[],"meta":{},"tags":[]},{"ancestorTitles":["authenticated RBAC boundaries","personal profile updates never grant authority"],"fullName":"authenticated RBAC boundaries personal profile updates never grant authority superA cannot raise their own concurrent chat capacity","status":"passed","title":"superA cannot raise their own concurrent chat capacity","duration":641.8626210000002,"failureMessages":[],"meta":{},"tags":[]},{"ancestorTitles":["authenticated RBAC boundaries","personal profile updates never grant authority"],"fullName":"authenticated RBAC boundaries personal profile updates never grant authority superA cannot change their own account status","status":"passed","title":"superA cannot change their own account status","duration":674.5390399999997,"failureMessages":[],"meta":{},"tags":[]},{"ancestorTitles":["authenticated RBAC boundaries","personal profile updates never grant authority"],"fullName":"authenticated RBAC boundaries personal profile updates never grant authority superA's profile email keeps mirroring the sign-in email","status":"passed","title":"superA's profile email keeps mirroring the sign-in email","duration":624.2974929999982,"failureMessages":[],"meta":{},"tags":[]},{"ancestorTitles":["authenticated RBAC boundaries","personal profile updates never grant authority"],"fullName":"authenticated RBAC boundaries personal profile updates never grant authority a Standard User can still edit their own personal details","status":"passed","title":"a Standard User can still edit their own personal details","duration":442.6146929999959,"failureMessages":[],"meta":{},"tags":[]},{"ancestorTitles":["authenticated RBAC boundaries","personal profile updates never grant authority"],"fullName":"authenticated RBAC boundaries personal profile updates never grant authority a Standard User cannot edit a colleague's profile","status":"passed","title":"a Standard User cannot edit a colleague's profile","duration":490.9866619999957,"failureMessages":[],"meta":{},"tags":[]},{"ancestorTitles":["authenticated RBAC boundaries","personal profile updates never grant authority"],"fullName":"authenticated RBAC boundaries personal profile updates never grant authority an Administrator can still perform authorized staff management on another employee","status":"passed","title":"an Administrator can still perform authorized staff management on another employee","duration":680.2664689999947,"failureMessages":[],"meta":{},"tags":[]},{"ancestorTitles":["authenticated RBAC boundaries","role -> permission -> reporting scope"],"fullName":"authenticated RBAC boundaries role -> permission -> reporting scope a Standard User resolves to self scope","status":"passed","title":"a Standard User resolves to self scope","duration":394.04418799999985,"failureMessages":[],"meta":{},"tags":[]},{"ancestorTitles":["authenticated RBAC boundaries","role -> permission -> reporting scope"],"fullName":"authenticated RBAC boundaries role -> permission -> reporting scope a Team Lead resolves to their assigned departments","status":"passed","title":"a Team Lead resolves to their assigned departments","duration":379.47870200000034,"failureMessages":[],"meta":{},"tags":[]},{"ancestorTitles":["authenticated RBAC boundaries","role -> permission -> reporting scope"],"fullName":"authenticated RBAC boundaries role -> permission -> reporting scope a Manager resolves to their assigned departments","status":"passed","title":"a Manager resolves to their assigned departments","duration":388.94606799999747,"failureMessages":[],"meta":{},"tags":[]},{"ancestorTitles":["authenticated RBAC boundaries","role -> permission -> reporting scope"],"fullName":"authenticated RBAC boundaries role -> permission -> reporting scope an Administrator resolves to organization scope","status":"passed","title":"an Administrator resolves to organization scope","duration":383.5574889999989,"failureMessages":[],"meta":{},"tags":[]},{"ancestorTitles":["authenticated RBAC boundaries","role -> permission -> reporting scope"],"fullName":"authenticated RBAC boundaries role -> permission -> reporting scope a Super Admin resolves to organization scope","status":"passed","title":"a Super Admin resolves to organization scope","duration":400.6627099999969,"failureMessages":[],"meta":{},"tags":[]},{"ancestorTitles":["authenticated RBAC boundaries","eligible transfer targets"],"fullName":"authenticated RBAC boundaries eligible transfer targets only lists teammates in the conversation's department","status":"passed","title":"only lists teammates in the conversation's department","duration":287.4576359999992,"failureMessages":[],"meta":{},"tags":[]},{"ancestorTitles":["authenticated RBAC boundaries","eligible transfer targets"],"fullName":"authenticated RBAC boundaries eligible transfer targets is not callable by signed-in users directly","status":"passed","title":"is not callable by signed-in users directly","duration":204.81570600000123,"failureMessages":[],"meta":{},"tags":[]},{"ancestorTitles":["authenticated RBAC boundaries","membership suspension revokes an existing session"],"fullName":"authenticated RBAC boundaries membership suspension revokes an existing session denies tenant reads and writes on the still-signed-in client","status":"passed","title":"denies tenant reads and writes on the still-signed-in client","duration":1059.6769879999993,"failureMessages":[],"meta":{},"tags":[]},{"ancestorTitles":["authenticated RBAC boundaries","two-step verification policy"],"fullName":"authenticated RBAC boundaries two-step verification policy blocks tenant access for an aal1 session once the org requires MFA","status":"passed","title":"blocks tenant access for an aal1 session once the org requires MFA","duration":1062.6960649999965,"failureMessages":[],"meta":{},"tags":[]}],"startTime":1789108266938,"endTime":1789108289234.696,"status":"passed","message":"","name":"/dev-server/tests/rbac.test.ts"},{"assertionResults":[{"ancestorTitles":["reporting scope"],"fullName":"reporting scope gives organization-wide callers an unrestricted scope","status":"passed","title":"gives organization-wide callers an unrestricted scope","duration":3.429900000000032,"failureMessages":[],"meta":{},"tags":[]},{"ancestorTitles":["reporting scope"],"fullName":"reporting scope confines a team lead to their own departments but not to themselves","status":"passed","title":"confines a team lead to their own departments but not to themselves","duration":1.3934749999999667,"failureMessages":[],"meta":{},"tags":[]},{"ancestorTitles":["reporting scope"],"fullName":"reporting scope confines an agent to their own rows and departments","status":"passed","title":"confines an agent to their own rows and departments","duration":0.38599299999998493,"failureMessages":[],"meta":{},"tags":[]},{"ancestorTitles":["reporting scope"],"fullName":"reporting scope never widens an empty department scope to the whole tenant","status":"passed","title":"never widens an empty department scope to the whole tenant","duration":0.1849430000000325,"failureMessages":[],"meta":{},"tags":[]},{"ancestorTitles":["reporting scope"],"fullName":"reporting scope blocks org-wide sections for self-level callers","status":"passed","title":"blocks org-wide sections for self-level callers","duration":2.684707000000003,"failureMessages":[],"meta":{},"tags":[]},{"ancestorTitles":["reporting scope"],"fullName":"reporting scope allows every section at team level and above","status":"passed","title":"allows every section at team level and above","duration":0.2922140000000013,"failureMessages":[],"meta":{},"tags":[]},{"ancestorTitles":["dashboard scope"],"fullName":"dashboard scope maps permissions to levels","status":"passed","title":"maps permissions to levels","duration":0.42425700000001143,"failureMessages":[],"meta":{},"tags":[]},{"ancestorTitles":["dashboard scope"],"fullName":"dashboard scope keeps everything for organization scope","status":"passed","title":"keeps everything for organization scope","duration":0.534940000000006,"failureMessages":[],"meta":{},"tags":[]},{"ancestorTitles":["dashboard scope"],"fullName":"dashboard scope strips organization counters for a team dashboard","status":"passed","title":"strips organization counters for a team dashboard","duration":1.4883459999999786,"failureMessages":[],"meta":{},"tags":[]},{"ancestorTitles":["dashboard scope"],"fullName":"dashboard scope strips organization and department data for a self dashboard","status":"passed","title":"strips organization and department data for a self dashboard","duration":1.392358999999999,"failureMessages":[],"meta":{},"tags":[]}],"startTime":1789108323141,"endTime":1789108323154.3923,"status":"passed","message":"","name":"/dev-server/tests/report-scope.test.ts"},{"assertionResults":[{"ancestorTitles":["reporting at volume"],"fullName":"reporting at volume reports the exact total for the tenant","status":"passed","title":"reports the exact total for the tenant","duration":358.2520260000001,"failureMessages":[],"meta":{},"tags":[]},{"ancestorTitles":["reporting at volume"],"fullName":"reporting at volume pages through every record exactly once, with no duplicates or skips","status":"passed","title":"pages through every record exactly once, with no duplicates or skips","duration":2738.822628,"failureMessages":[],"meta":{},"tags":[]},{"ancestorTitles":["reporting at volume"],"fullName":"reporting at volume orders deterministically across repeated reads","status":"passed","title":"orders deterministically across repeated reads","duration":814.6392510000005,"failureMessages":[],"meta":{},"tags":[]},{"ancestorTitles":["reporting at volume"],"fullName":"reporting at volume combines a filter with pagination without losing rows","status":"passed","title":"combines a filter with pagination without losing rows","duration":1516.0741720000005,"failureMessages":[],"meta":{},"tags":[]},{"ancestorTitles":["reporting at volume"],"fullName":"reporting at volume returns an empty page — never a wrapped one — past the last page","status":"passed","title":"returns an empty page — never a wrapped one — past the last page","duration":293.40174299999853,"failureMessages":[],"meta":{},"tags":[]},{"ancestorTitles":["reporting at volume"],"fullName":"reporting at volume never returns another tenant's conversations","status":"passed","title":"never returns another tenant's conversations","duration":559.7820250000004,"failureMessages":[],"meta":{},"tags":[]},{"ancestorTitles":["reporting at volume"],"fullName":"reporting at volume clamps a department filter to the requested department only","status":"passed","title":"clamps a department filter to the requested department only","duration":576.0590459999985,"failureMessages":[],"meta":{},"tags":[]},{"ancestorTitles":["reporting at volume"],"fullName":"reporting at volume returns nothing for a scope with no departments","status":"passed","title":"returns nothing for a scope with no departments","duration":322.8935829999991,"failureMessages":[],"meta":{},"tags":[]},{"ancestorTitles":["reporting at volume"],"fullName":"reporting at volume overview counts reconcile exactly with the ticket drill-downs","status":"passed","title":"overview counts reconcile exactly with the ticket drill-downs","duration":2240.0011620000005,"failureMessages":[],"meta":{},"tags":[]},{"ancestorTitles":["reporting at volume"],"fullName":"reporting at volume counts unique transferred conversations, not transfer events","status":"passed","title":"counts unique transferred conversations, not transfer events","duration":895.4704850000016,"failureMessages":[],"meta":{},"tags":[]},{"ancestorTitles":["reporting at volume"],"fullName":"reporting at volume separates resolved, closed and completed","status":"passed","title":"separates resolved, closed and completed","duration":808.8464559999993,"failureMessages":[],"meta":{},"tags":[]},{"ancestorTitles":["AI-only completion"],"fullName":"AI-only completion only credits a completed, human-free conversation","status":"passed","title":"only credits a completed, human-free conversation","duration":251.54636000000028,"failureMessages":[],"meta":{},"tags":[]},{"ancestorTitles":["AI-only completion"],"fullName":"AI-only completion does not count an unresolved AI conversation as a completion","status":"passed","title":"does not count an unresolved AI conversation as a completion","duration":639.4553120000055,"failureMessages":[],"meta":{},"tags":[]},{"ancestorTitles":["AI-only completion"],"fullName":"AI-only completion disqualifies a conversation with a historical agent message","status":"passed","title":"disqualifies a conversation with a historical agent message","duration":230.06472500000382,"failureMessages":[],"meta":{},"tags":[]},{"ancestorTitles":["AI-only completion"],"fullName":"AI-only completion disqualifies a conversation with a human-request event","status":"passed","title":"disqualifies a conversation with a human-request event","duration":231.58754300000146,"failureMessages":[],"meta":{},"tags":[]},{"ancestorTitles":["AI-only completion"],"fullName":"AI-only completion leaves a purely AI conversation untouched by humans","status":"passed","title":"leaves a purely AI conversation untouched by humans","duration":280.7560039999953,"failureMessages":[],"meta":{},"tags":[]},{"ancestorTitles":["AI-only completion"],"fullName":"AI-only completion scopes to a department","status":"passed","title":"scopes to a department","duration":561.915003999995,"failureMessages":[],"meta":{},"tags":[]},{"ancestorTitles":["AI-only completion"],"fullName":"AI-only completion returns no rate at all when there is nothing to measure","status":"passed","title":"returns no rate at all when there is nothing to measure","duration":253.10970200000156,"failureMessages":[],"meta":{},"tags":[]},{"ancestorTitles":["reporting scope cannot be widened from the client"],"fullName":"reporting scope cannot be widened from the client confines a standard user to their own records","status":"passed","title":"confines a standard user to their own records","duration":3.0651749999960884,"failureMessages":[],"meta":{},"tags":[]},{"ancestorTitles":["reporting scope cannot be widened from the client"],"fullName":"reporting scope cannot be widened from the client confines a team lead to their departments but not to one person","status":"passed","title":"confines a team lead to their departments but not to one person","duration":0.4467819999990752,"failureMessages":[],"meta":{},"tags":[]},{"ancestorTitles":["reporting scope cannot be widened from the client"],"fullName":"reporting scope cannot be widened from the client gives an administrator the whole organization and nothing beyond it","status":"passed","title":"gives an administrator the whole organization and nothing beyond it","duration":0.24036500000511296,"failureMessages":[],"meta":{},"tags":[]},{"ancestorTitles":["reporting scope cannot be widened from the client"],"fullName":"reporting scope cannot be widened from the client gives a caller with no reporting permission nothing","status":"passed","title":"gives a caller with no reporting permission nothing","duration":1.2442470000023604,"failureMessages":[],"meta":{},"tags":[]},{"ancestorTitles":["report days follow the organization timezone"],"fullName":"report days follow the organization timezone counts a 23:30 Pacific conversation on the Pacific day","status":"passed","title":"counts a 23:30 Pacific conversation on the Pacific day","duration":282.9779550000021,"failureMessages":[],"meta":{},"tags":[]},{"ancestorTitles":["report days follow the organization timezone"],"fullName":"report days follow the organization timezone buckets the hour on the Pacific clock too","status":"passed","title":"buckets the hour on the Pacific clock too","duration":286.38780399999814,"failureMessages":[],"meta":{},"tags":[]},{"ancestorTitles":["report days follow the organization timezone"],"fullName":"report days follow the organization timezone still reports the UTC day when asked for UTC","status":"passed","title":"still reports the UTC day when asked for UTC","duration":320.6961680000022,"failureMessages":[],"meta":{},"tags":[]},{"ancestorTitles":["staff credit survives a reassignment"],"fullName":"staff credit survives a reassignment keeps the first-response and reply-target credit with the original responder","status":"passed","title":"keeps the first-response and reply-target credit with the original responder","duration":337.5364109999937,"failureMessages":[],"meta":{},"tags":[]},{"ancestorTitles":["staff credit survives a reassignment"],"fullName":"staff credit survives a reassignment credits handling time to whoever resolved the conversation","status":"passed","title":"credits handling time to whoever resolved the conversation","duration":408.9578269999911,"failureMessages":[],"meta":{},"tags":[]},{"ancestorTitles":["staff credit survives a reassignment"],"fullName":"staff credit survives a reassignment self-scope report credits the original responder after reassignment","status":"passed","title":"self-scope report credits the original responder after reassignment","duration":328.4452220000094,"failureMessages":[],"meta":{},"tags":[]}],"startTime":1789108178396,"endTime":1789108239793.4453,"status":"passed","message":"","name":"/dev-server/tests/reporting-reconciliation.test.ts"},{"assertionResults":[{"ancestorTitles":["waiting time for a first human reply"],"fullName":"waiting time for a first human reply measures from when a person was first asked for","status":"passed","title":"measures from when a person was first asked for","duration":1.8203750000000127,"failureMessages":[],"meta":{},"tags":[]},{"ancestorTitles":["waiting time for a first human reply"],"fullName":"waiting time for a first human reply falls back to the later request time when the first is missing","status":"passed","title":"falls back to the later request time when the first is missing","duration":0.29818999999997686,"failureMessages":[],"meta":{},"tags":[]},{"ancestorTitles":["waiting time for a first human reply"],"fullName":"waiting time for a first human reply ignores chats where nobody ever asked for a person","status":"passed","title":"ignores chats where nobody ever asked for a person","duration":0.29519399999998086,"failureMessages":[],"meta":{},"tags":[]},{"ancestorTitles":["waiting time for a first human reply"],"fullName":"waiting time for a first human reply compares against the organization's own target","status":"passed","title":"compares against the organization's own target","duration":0.24568800000002966,"failureMessages":[],"meta":{},"tags":[]},{"ancestorTitles":["waiting time for a first human reply"],"fullName":"waiting time for a first human reply keeps 15 minutes as the fallback target","status":"passed","title":"keeps 15 minutes as the fallback target","duration":0.1592939999999885,"failureMessages":[],"meta":{},"tags":[]}],"startTime":1789108326966,"endTime":1789108326968.2952,"status":"passed","message":"","name":"/dev-server/tests/sla.test.ts"},{"assertionResults":[{"ancestorTitles":["response templates"],"fullName":"response templates substitutes visitor and agent names with sensible fallbacks","status":"passed","title":"substitutes visitor and agent names with sensible fallbacks","duration":6.549108999999987,"failureMessages":[],"meta":{},"tags":[]},{"ancestorTitles":["response templates"],"fullName":"response templates detects a slash query only at the start of a word","status":"passed","title":"detects a slash query only at the start of a word","duration":0.6007079999999974,"failureMessages":[],"meta":{},"tags":[]},{"ancestorTitles":["response templates"],"fullName":"response templates matches templates by shortcut and name","status":"passed","title":"matches templates by shortcut and name","duration":1.0715649999999641,"failureMessages":[],"meta":{},"tags":[]},{"ancestorTitles":["response templates"],"fullName":"response templates replaces the typed shortcut with the template body","status":"passed","title":"replaces the typed shortcut with the template body","duration":0.2396489999999858,"failureMessages":[],"meta":{},"tags":[]},{"ancestorTitles":["claim eligibility"],"fullName":"claim eligibility allows a normal available agent in the department","status":"passed","title":"allows a normal available agent in the department","duration":0.21636000000000877,"failureMessages":[],"meta":{},"tags":[]},{"ancestorTitles":["claim eligibility"],"fullName":"claim eligibility explains away, capacity and department blocks","status":"passed","title":"explains away, capacity and department blocks","duration":0.3832570000000146,"failureMessages":[],"meta":{},"tags":[]},{"ancestorTitles":["claim eligibility"],"fullName":"claim eligibility lets a supervisor claim outside their department","status":"passed","title":"lets a supervisor claim outside their department","duration":0.2140309999999772,"failureMessages":[],"meta":{},"tags":[]}],"startTime":1789108323896,"endTime":1789108323905.3833,"status":"passed","message":"","name":"/dev-server/tests/templates.test.ts"},{"assertionResults":[{"ancestorTitles":["anonymous access is denied to tenant data"],"fullName":"anonymous access is denied to tenant data anon cannot read organizations","status":"passed","title":"anon cannot read organizations","duration":263.820694,"failureMessages":[],"meta":{},"tags":[]},{"ancestorTitles":["anonymous access is denied to tenant data"],"fullName":"anonymous access is denied to tenant data anon cannot read organization_memberships","status":"passed","title":"anon cannot read organization_memberships","duration":234.14390099999991,"failureMessages":[],"meta":{},"tags":[]},{"ancestorTitles":["anonymous access is denied to tenant data"],"fullName":"anonymous access is denied to tenant data anon cannot read platform_admins","status":"passed","title":"anon cannot read platform_admins","duration":210.1082110000002,"failureMessages":[],"meta":{},"tags":[]},{"ancestorTitles":["anonymous access is denied to tenant data"],"fullName":"anonymous access is denied to tenant data anon cannot read profiles","status":"passed","title":"anon cannot read profiles","duration":198.59441199999992,"failureMessages":[],"meta":{},"tags":[]},{"ancestorTitles":["anonymous access is denied to tenant data"],"fullName":"anonymous access is denied to tenant data anon cannot read departments","status":"passed","title":"anon cannot read departments","duration":210.268998,"failureMessages":[],"meta":{},"tags":[]},{"ancestorTitles":["anonymous access is denied to tenant data"],"fullName":"anonymous access is denied to tenant data anon cannot read department_members","status":"passed","title":"anon cannot read department_members","duration":197.98058200000014,"failureMessages":[],"meta":{},"tags":[]},{"ancestorTitles":["anonymous access is denied to tenant data"],"fullName":"anonymous access is denied to tenant data anon cannot read conversations","status":"passed","title":"anon cannot read conversations","duration":208.0006699999999,"failureMessages":[],"meta":{},"tags":[]},{"ancestorTitles":["anonymous access is denied to tenant data"],"fullName":"anonymous access is denied to tenant data anon cannot read messages","status":"passed","title":"anon cannot read messages","duration":195.99404100000038,"failureMessages":[],"meta":{},"tags":[]},{"ancestorTitles":["anonymous access is denied to tenant data"],"fullName":"anonymous access is denied to tenant data anon cannot read contacts","status":"passed","title":"anon cannot read contacts","duration":219.32486599999993,"failureMessages":[],"meta":{},"tags":[]},{"ancestorTitles":["anonymous access is denied to tenant data"],"fullName":"anonymous access is denied to tenant data anon cannot read intake_requests","status":"passed","title":"anon cannot read intake_requests","duration":197.59050499999967,"failureMessages":[],"meta":{},"tags":[]},{"ancestorTitles":["anonymous access is denied to tenant data"],"fullName":"anonymous access is denied to tenant data anon cannot read knowledge_articles","status":"passed","title":"anon cannot read knowledge_articles","duration":200.34554700000035,"failureMessages":[],"meta":{},"tags":[]},{"ancestorTitles":["anonymous access is denied to tenant data"],"fullName":"anonymous access is denied to tenant data anon cannot read knowledge_chunks","status":"passed","title":"anon cannot read knowledge_chunks","duration":195.09139099999993,"failureMessages":[],"meta":{},"tags":[]},{"ancestorTitles":["anonymous access is denied to tenant data"],"fullName":"anonymous access is denied to tenant data anon cannot read audit_logs","status":"passed","title":"anon cannot read audit_logs","duration":200.00503000000026,"failureMessages":[],"meta":{},"tags":[]},{"ancestorTitles":["anonymous access is denied to tenant data"],"fullName":"anonymous access is denied to tenant data anon cannot read notifications","status":"passed","title":"anon cannot read notifications","duration":199.21412600000076,"failureMessages":[],"meta":{},"tags":[]},{"ancestorTitles":["anonymous access is denied to tenant data"],"fullName":"anonymous access is denied to tenant data anon cannot read organization_invitations","status":"passed","title":"anon cannot read organization_invitations","duration":207.54158999999981,"failureMessages":[],"meta":{},"tags":[]},{"ancestorTitles":["anonymous access is denied to tenant data"],"fullName":"anonymous access is denied to tenant data anon cannot read websites","status":"passed","title":"anon cannot read websites","duration":195.82985999999983,"failureMessages":[],"meta":{},"tags":[]},{"ancestorTitles":["anonymous access is denied to tenant data"],"fullName":"anonymous access is denied to tenant data anon cannot write to conversations","status":"passed","title":"anon cannot write to conversations","duration":265.5365839999995,"failureMessages":[],"meta":{},"tags":[]},{"ancestorTitles":["anonymous access is denied to tenant data"],"fullName":"anonymous access is denied to tenant data anon cannot write to messages","status":"passed","tit
[...]
a":{},"tags":[]},{"ancestorTitles":["training guides are structurally sound"],"fullName":"training guides are structurally sound super_admin guide only gates on real permissions","status":"passed","title":"super_admin guide only gates on real permissions","duration":1.1657930000000079,"failureMessages":[],"meta":{},"tags":[]},{"ancestorTitles":["training guides are structurally sound"],"fullName":"training guides are structurally sound platform_owner guide only gates on real permissions","status":"passed","title":"platform_owner guide only gates on real permissions","duration":0.696047999999962,"failureMessages":[],"meta":{},"tags":[]},{"ancestorTitles":["training guides are structurally sound"],"fullName":"training guides are structurally sound agent guide has answerable knowledge-check questions","status":"passed","title":"agent guide has answerable knowledge-check questions","duration":0.9022960000000353,"failureMessages":[],"meta":{},"tags":[]},{"ancestorTitles":["training guides are structurally sound"],"fullName":"training guides are structurally sound team_lead guide has answerable knowledge-check questions","status":"passed","title":"team_lead guide has answerable knowledge-check questions","duration":3.2995280000000093,"failureMessages":[],"meta":{},"tags":[]},{"ancestorTitles":["training guides are structurally sound"],"fullName":"training guides are structurally sound manager guide has answerable knowledge-check questions","status":"passed","title":"manager guide has answerable knowledge-check questions","duration":0.4259089999999901,"failureMessages":[],"meta":{},"tags":[]},{"ancestorTitles":["training guides are structurally sound"],"fullName":"training guides are structurally sound administrator guide has answerable knowledge-check questions","status":"passed","title":"administrator guide has answerable knowledge-check questions","duration":0.3182419999999979,"failureMessages":[],"meta":{},"tags":[]},{"ancestorTitles":["training guides are structurally sound"],"fullName":"training guides are structurally sound super_admin guide has answerable knowledge-check questions","status":"passed","title":"super_admin guide has answerable knowledge-check questions","duration":0.30894700000004605,"failureMessages":[],"meta":{},"tags":[]},{"ancestorTitles":["training guides are structurally sound"],"fullName":"training guides are structurally sound platform_owner guide has answerable knowledge-check questions","status":"passed","title":"platform_owner guide has answerable knowledge-check questions","duration":0.3593010000000163,"failureMessages":[],"meta":{},"tags":[]},{"ancestorTitles":["guides never teach a screen the reader cannot open"],"fullName":"guides never teach a screen the reader cannot open agent sees only sections their permissions unlock","status":"passed","title":"agent sees only sections their permissions unlock","duration":1.0833049999999957,"failureMessages":[],"meta":{},"tags":[]},{"ancestorTitles":["guides never teach a screen the reader cannot open"],"fullName":"guides never teach a screen the reader cannot open team_lead sees only sections their permissions unlock","status":"passed","title":"team_lead sees only sections their permissions unlock","duration":0.697526000000039,"failureMessages":[],"meta":{},"tags":[]},{"ancestorTitles":["guides never teach a screen the reader cannot open"],"fullName":"guides never teach a screen the reader cannot open manager sees only sections their permissions unlock","status":"passed","title":"manager sees only sections their permissions unlock","duration":0.738630999999998,"failureMessages":[],"meta":{},"tags":[]},{"ancestorTitles":["guides never teach a screen the reader cannot open"],"fullName":"guides never teach a screen the reader cannot open administrator sees only sections their permissions unlock","status":"passed","title":"administrator sees only sections their permissions unlock","duration":0.9493990000000281,"failureMessages":[],"meta":{},"tags":[]},{"ancestorTitles":["guides never teach a screen the reader cannot open"],"fullName":"guides never teach a screen the reader cannot open super_admin sees only sections their permissions unlock","status":"passed","title":"super_admin sees only sections their permissions unlock","duration":0.9747580000000085,"failureMessages":[],"meta":{},"tags":[]},{"ancestorTitles":["guides never teach a screen the reader cannot open"],"fullName":"guides never teach a screen the reader cannot open standard users never see administration instructions","status":"passed","title":"standard users never see administration instructions","duration":0.3583399999999983,"failureMessages":[],"meta":{},"tags":[]},{"ancestorTitles":["guides never teach a screen the reader cannot open"],"fullName":"guides never teach a screen the reader cannot open administrators do see staff administration","status":"passed","title":"administrators do see staff administration","duration":0.21173799999996845,"failureMessages":[],"meta":{},"tags":[]},{"ancestorTitles":["guide access follows authority"],"fullName":"guide access follows authority a standard user may only read the standard user guide","status":"passed","title":"a standard user may only read the standard user guide","duration":0.8031819999999925,"failureMessages":[],"meta":{},"tags":[]},{"ancestorTitles":["guide access follows authority"],"fullName":"guide access follows authority a manager may read down but not up","status":"passed","title":"a manager may read down but not up","duration":0.9036749999999643,"failureMessages":[],"meta":{},"tags":[]},{"ancestorTitles":["guide access follows authority"],"fullName":"guide access follows authority the platform guide requires a platform role","status":"passed","title":"the platform guide requires a platform role","duration":0.29070600000000013,"failureMessages":[],"meta":{},"tags":[]},{"ancestorTitles":["guide access follows authority"],"fullName":"guide access follows authority opens on the reader's own guide","status":"passed","title":"opens on the reader's own guide","duration":0.1433640000000196,"failureMessages":[],"meta":{},"tags":[]}],"startTime":1789108321443,"endTime":1789108321474.1433,"status":"passed","message":"","name":"/dev-server/tests/training-content.test.ts"},{"assertionResults":[{"ancestorTitles":["staff manual markdown"],"fullName":"staff manual markdown agent manual renders every chapter and section heading","status":"passed","title":"agent manual renders every chapter and section heading","duration":7.270578,"failureMessages":[],"meta":{},"tags":[]},{"ancestorTitles":["staff manual markdown"],"fullName":"staff manual markdown team_lead manual renders every chapter and section heading","status":"passed","title":"team_lead manual renders every chapter and section heading","duration":7.624400999999978,"failureMessages":[],"meta":{},"tags":[]},{"ancestorTitles":["staff manual markdown"],"fullName":"staff manual markdown manager manual renders every chapter and section heading","status":"passed","title":"manager manual renders every chapter and section heading","duration":4.899554000000023,"failureMessages":[],"meta":{},"tags":[]},{"ancestorTitles":["staff manual markdown"],"fullName":"staff manual markdown administrator manual renders every chapter and section heading","status":"passed","title":"administrator manual renders every chapter and section heading","duration":7.061911000000009,"failureMessages":[],"meta":{},"tags":[]},{"ancestorTitles":["staff manual markdown"],"fullName":"staff manual markdown super_admin manual renders every chapter and section heading","status":"passed","title":"super_admin manual renders every chapter and section heading","duration":3.504566000000011,"failureMessages":[],"meta":{},"tags":[]},{"ancestorTitles":["staff manual markdown"],"fullName":"staff manual markdown platform_owner manual renders every chapter and section heading","status":"passed","title":"platform_owner manual renders every chapter and section heading","duration":1.6071740000000432,"failureMessages":[],"meta":{},"tags":[]},{"ancestorTitles":["staff manual markdown"],"fullName":"staff manual markdown agent manual states its version and review date","status":"passed","title":"agent manual states its version and review date","duration":0.8086659999999597,"failureMessages":[],"meta":{},"tags":[]},{"ancestorTitles":["staff manual markdown"],"fullName":"staff manual markdown team_lead manual states its version and review date","status":"passed","title":"team_lead manual states its version and review date","duration":1.223903000000007,"failureMessages":[],"meta":{},"tags":[]},{"ancestorTitles":["staff manual markdown"],"fullName":"staff manual markdown manager manual states its version and review date","status":"passed","title":"manager manual states its version and review date","duration":1.784830999999997,"failureMessages":[],"meta":{},"tags":[]},{"ancestorTitles":["staff manual markdown"],"fullName":"staff manual markdown administrator manual states its version and review date","status":"passed","title":"administrator manual states its version and review date","duration":1.4478970000000118,"failureMessages":[],"meta":{},"tags":[]},{"ancestorTitles":["staff manual markdown"],"fullName":"staff manual markdown super_admin manual states its version and review date","status":"passed","title":"super_admin manual states its version and review date","duration":1.4241380000000277,"failureMessages":[],"meta":{},"tags":[]},{"ancestorTitles":["staff manual markdown"],"fullName":"staff manual markdown platform_owner manual states its version and review date","status":"passed","title":"platform_owner manual states its version and review date","duration":0.7729939999999829,"failureMessages":[],"meta":{},"tags":[]},{"ancestorTitles":["staff manual markdown"],"fullName":"staff manual markdown agent manual never mentions a retired sign-in provider","status":"passed","title":"agent manual never mentions a retired sign-in provider","duration":1.4451099999999997,"failureMessages":[],"meta":{},"tags":[]},{"ancestorTitles":["staff manual markdown"],"fullName":"staff manual markdown team_lead manual never mentions a retired sign-in provider","status":"passed","title":"team_lead manual never mentions a retired sign-in provider","duration":1.3032800000000293,"failureMessages":[],"meta":{},"tags":[]},{"ancestorTitles":["staff manual markdown"],"fullName":"staff manual markdown manager manual never mentions a retired sign-in provider","status":"passed","title":"manager manual never mentions a retired sign-in provider","duration":1.235432000000003,"failureMessages":[],"meta":{},"tags":[]},{"ancestorTitles":["staff manual markdown"],"fullName":"staff manual markdown administrator manual never mentions a retired sign-in provider","status":"passed","title":"administrator manual never mentions a retired sign-in provider","duration":1.451757999999984,"failureMessages":[],"meta":{},"tags":[]},{"ancestorTitles":["staff manual markdown"],"fullName":"staff manual markdown super_admin manual never mentions a retired sign-in provider","status":"passed","title":"super_admin manual never mentions a retired sign-in provider","duration":1.4591669999999795,"failureMessages":[],"meta":{},"tags":[]},{"ancestorTitles":["staff manual markdown"],"fullName":"staff manual markdown platform_owner manual never mentions a retired sign-in provider","status":"passed","title":"platform_owner manual never mentions a retired sign-in provider","duration":1.2101000000000113,"failureMessages":[],"meta":{},"tags":[]},{"ancestorTitles":["staff manual markdown"],"fullName":"staff manual markdown agent manual labels figures as illustrations","status":"passed","title":"agent manual labels figures as illustrations","duration":2.6334750000000327,"failureMessages":[],"meta":{},"tags":[]},{"ancestorTitles":["staff manual markdown"],"fullName":"staff manual markdown team_lead manual labels figures as illustrations","status":"passed","title":"team_lead manual labels figures as illustrations","duration":0.9196340000000305,"failureMessages":[],"meta":{},"tags":[]},{"ancestorTitles":["staff manual markdown"],"fullName":"staff manual markdown manager manual labels figures as illustrations","status":"passed","title":"manager manual labels figures as illustrations","duration":0.918818999999985,"failureMessages":[],"meta":{},"tags":[]},{"ancestorTitles":["staff manual markdown"],"fullName":"staff manual markdown administrator manual labels figures as illustrations","status":"passed","title":"administrator manual labels figures as illustrations","duration":1.0579340000000457,"failureMessages":[],"meta":{},"tags":[]},{"ancestorTitles":["staff manual markdown"],"fullName":"staff manual markdown super_admin manual labels figures as illustrations","status":"passed","title":"super_admin manual labels figures as illustrations","duration":1.0078589999999963,"failureMessages":[],"meta":{},"tags":[]},{"ancestorTitles":["staff manual markdown"],"fullName":"staff manual markdown platform_owner manual labels figures as illustrations","status":"passed","title":"platform_owner manual labels figures as illustrations","duration":0.4388680000000136,"failureMessages":[],"meta":{},"tags":[]},{"ancestorTitles":["staff manual markdown"],"fullName":"staff manual markdown agent manual on disk matches the current guide content","status":"passed","title":"agent manual on disk matches the current guide content","duration":0.8959360000000061,"failureMessages":[],"meta":{},"tags":[]},{"ancestorTitles":["staff manual markdown"],"fullName":"staff manual markdown team_lead manual on disk matches the current guide content","status":"passed","title":"team_lead manual on disk matches the current guide content","duration":1.2392530000000193,"failureMessages":[],"meta":{},"tags":[]},{"ancestorTitles":["staff manual markdown"],"fullName":"staff manual markdown manager manual on disk matches the current guide content","status":"passed","title":"manager manual on disk matches the current guide content","duration":1.2372560000000021,"failureMessages":[],"meta":{},"tags":[]},{"ancestorTitles":["staff manual markdown"],"fullName":"staff manual markdown administrator manual on disk matches the current guide content","status":"passed","title":"administrator manual on disk matches the current guide content","duration":6.2237460000000056,"failureMessages":[],"meta":{},"tags":[]},{"ancestorTitles":["staff manual markdown"],"fullName":"staff manual markdown super_admin manual on disk matches the current guide content","status":"passed","title":"super_admin manual on disk matches the current guide content","duration":1.5964419999999677,"failureMessages":[],"meta":{},"tags":[]},{"ancestorTitles":["staff manual markdown"],"fullName":"staff manual markdown platform_owner manual on disk matches the current guide content","status":"passed","title":"platform_owner manual on disk matches the current guide content","duration":4.150301999999954,"failureMessages":[],"meta":{},"tags":[]}],"startTime":1789108321007,"endTime":1789108321078.1504,"status":"passed","message":"","name":"/dev-server/tests/training-markdown.test.ts"},{"assertionResults":[{"ancestorTitles":["isConversationEnded"],"fullName":"isConversationEnded treats resolved, closed and abandoned as finished","status":"passed","title":"treats resolved, closed and abandoned as finished","duration":2.8538580000000024,"failureMessages":[],"meta":{},"tags":[]},{"ancestorTitles":["isConversationEnded"],"fullName":"isConversationEnded treats live statuses and missing values as ongoing","status":"passed","title":"treats live statuses and missing values as ongoing","duration":0.5548450000000003,"failureMessages":[],"meta":{},"tags":[]},{"ancestorTitles":["nextPollDelay"],"fullName":"nextPollDelay stays fast while the chat is active","status":"passed","title":"stays fast while the chat is active","duration":0.3480509999999981,"failureMessages":[],"meta":{},"tags":[]},{"ancestorTitles":["nextPollDelay"],"fullName":"nextPollDelay backs off after a quiet stretch and stops at the ceiling","status":"passed","title":"backs off after a quiet stretch and stops at the ceiling","duration":0.2291490000000067,"failureMessages":[],"meta":{},"tags":[]},{"ancestorTitles":["shouldShowRating"],"fullName":"shouldShowRating stays hidden while only the assistant has answered","status":"passed","title":"stays hidden while only the assistant has answered","duration":0.2062890000000266,"failureMessages":[],"meta":{},"tags":[]},{"ancestorTitles":["shouldShowRating"],"fullName":"shouldShowRating shows once a person replied","status":"passed","title":"shows once a person replied","duration":0.14186999999998307,"failureMessages":[],"meta":{},"tags":[]},{"ancestorTitles":["shouldShowRating"],"fullName":"shouldShowRating shows when the conversation has ended","status":"passed","title":"shows when the conversation has ended","duration":0.17895599999997103,"failureMessages":[],"meta":{},"tags":[]},{"ancestorTitles":["shouldShowRating"],"fullName":"shouldShowRating stays hidden when dismissed, sending, or without a conversation","status":"passed","title":"stays hidden when dismissed, sending, or without a conversation","duration":0.1734920000000102,"failureMessages":[],"meta":{},"tags":[]},{"ancestorTitles":["safeStorage"],"fullName":"safeStorage round-trips values and JSON","status":"passed","title":"round-trips values and JSON","duration":1.7187190000000214,"failureMessages":[],"meta":{},"tags":[]},{"ancestorTitles":["safeStorage"],"fullName":"safeStorage never throws when storage is blocked (Safari private mode)","status":"passed","title":"never throws when storage is blocked (Safari private mode)","duration":4.225033999999994,"failureMessages":[],"meta":{},"tags":[]},{"ancestorTitles":["safeStorage"],"fullName":"safeStorage returns null for corrupt JSON instead of throwing","status":"passed","title":"returns null for corrupt JSON instead of throwing","duration":0.5845049999999787,"failureMessages":[],"meta":{},"tags":[]}],"startTime":1789108325034,"endTime":1789108325047.5845,"status":"passed","message":"","name":"/dev-server/tests/widget-client.test.ts"},{"assertionResults":[{"ancestorTitles":["widget session tokens"],"fullName":"widget session tokens round-trips a signed session","status":"passed","title":"round-trips a signed session","duration":10.034134999999992,"failureMessages":[],"meta":{},"tags":[]},{"ancestorTitles":["widget session tokens"],"fullName":"widget session tokens rejects a token whose payload was tampered with (tenant swap)","status":"passed","title":"rejects a token whose payload was tampered with (tenant swap)","duration":2.6879050000000007,"failureMessages":[],"meta":{},"tags":[]},{"ancestorTitles":["widget session tokens"],"fullName":"widget session tokens rejects unsigned, empty and malformed tokens","status":"passed","title":"rejects unsigned, empty and malformed tokens","duration":1.0128759999999488,"failureMessages":[],"meta":{},"tags":[]},{"ancestorTitles":["widget session tokens"],"fullName":"widget session tokens mints unpredictable session ids","status":"passed","title":"mints unpredictable session ids","duration":4.358243000000016,"failureMessages":[],"meta":{},"tags":[]},{"ancestorTitles":["session renewal grace"],"fullName":"session renewal grace accepts a recently expired but genuine token, and still rejects forgeries","status":"passed","title":"accepts a recently expired but genuine token, and still rejects forgeries","duration":9.449847999999974,"failureMessages":[],"meta":{},"tags":[]},{"ancestorTitles":["session renewal grace"],"fullName":"session renewal grace refuses a tampered token even during the grace window","status":"passed","title":"refuses a tampered token even during the grace window","duration":1.5667419999999765,"failureMessages":[],"meta":{},"tags":[]}],"startTime":1789108322824,"endTime":1789108322853.5667,"status":"passed","message":"","name":"/dev-server/tests/widget-session.test.ts"}]}