{"numTotalTestSuites":47,"numPassedTestSuites":43,"numFailedTestSuites":4,"numPendingTestSuites":0,"numTotalTests":171,"numPassedTests":161,"numFailedTests":10,"numPendingTests":0,"numTodoTests":0,"snapshot":{"added":0,"failure":false,"filesAdded":0,"filesRemoved":0,"filesRemovedList":[],"filesUnmatched":0,"filesUpdated":0,"matched":0,"total":0,"unchecked":0,"uncheckedKeysByFile":[],"unmatched":0,"updated":0,"didUpdate":false},"startTime":1788318413040,"success":false,"testResults":[{"assertionResults":[{"ancestorTitles":["claim & routing concurrency","1. manual claim — many agents, one conversation"],"fullName":"claim & routing concurrency 1. manual claim — many agents, one conversation 2 simultaneous agents produce exactly one owner","status":"passed","title":"2 simultaneous agents produce exactly one owner","duration":7217.779789000001,"failureMessages":[],"meta":{},"tags":[]},{"ancestorTitles":["claim & routing concurrency","1. manual claim — many agents, one conversation"],"fullName":"claim & routing concurrency 1. manual claim — many agents, one conversation 10 simultaneous agents produce exactly one owner","status":"passed","title":"10 simultaneous agents produce exactly one owner","duration":16134.11366,"failureMessages":[],"meta":{},"tags":[]},{"ancestorTitles":["claim & routing concurrency","1. manual claim — many agents, one conversation"],"fullName":"claim & routing concurrency 1. manual claim — many agents, one conversation 20 simultaneous agents produce exactly one owner","status":"passed","title":"20 simultaneous agents produce exactly one owner","duration":26215.624007000002,"failureMessages":[],"meta":{},"tags":[]},{"ancestorTitles":["claim & routing concurrency","2. one agent claiming many conversations (per-user lock)"],"fullName":"claim & routing concurrency 2. one agent claiming many conversations (per-user lock) capacity 1, 2 simultaneous claims → exactly one assignment","status":"passed","title":"capacity 1, 2 simultaneous claims → exactly one assignment","duration":2245.334901000002,"failureMessages":[],"meta":{},"tags":[]},{"ancestorTitles":["claim & routing concurrency","2. one agent claiming many conversations (per-user lock)"],"fullName":"claim & routing concurrency 2. one agent claiming many conversations (per-user lock) capacity 1, 5 simultaneous claims → exactly one assignment","status":"passed","title":"capacity 1, 5 simultaneous claims → exactly one assignment","duration":3857.4717329999985,"failureMessages":[],"meta":{},"tags":[]},{"ancestorTitles":["claim & routing concurrency","2. one agent claiming many conversations (per-user lock)"],"fullName":"claim & routing concurrency 2. one agent claiming many conversations (per-user lock) capacity 1, 10 simultaneous claims → exactly one assignment","status":"passed","title":"capacity 1, 10 simultaneous claims → exactly one assignment","duration":13241.85961,"failureMessages":[],"meta":{},"tags":[]},{"ancestorTitles":["claim & routing concurrency","2. one agent claiming many conversations (per-user lock)"],"fullName":"claim & routing concurrency 2. one agent claiming many conversations (per-user lock) capacity 3 never exceeds three active conversations under concurrency","status":"passed","title":"capacity 3 never exceeds three active conversations under concurrency","duration":11712.956724999996,"failureMessages":[],"meta":{},"tags":[]},{"ancestorTitles":["claim & routing concurrency","3. presence enforcement (database-side)"],"fullName":"claim & routing concurrency 3. presence enforcement (database-side) a busy employee cannot claim","status":"passed","title":"a busy employee cannot claim","duration":2723.3103219999903,"failureMessages":[],"meta":{},"tags":[]},{"ancestorTitles":["claim & routing concurrency","3. presence enforcement (database-side)"],"fullName":"claim & routing concurrency 3. presence enforcement (database-side) a away employee cannot claim","status":"passed","title":"a away employee cannot claim","duration":2769.1365619999997,"failureMessages":[],"meta":{},"tags":[]},{"ancestorTitles":["claim & routing concurrency","3. presence enforcement (database-side)"],"fullName":"claim & routing concurrency 3. presence enforcement (database-side) a offline employee cannot claim","status":"passed","title":"a offline employee cannot claim","duration":2170.066266000009,"failureMessages":[],"meta":{},"tags":[]},{"ancestorTitles":["claim & routing concurrency","3. presence enforcement (database-side)"],"fullName":"claim & routing concurrency 3. presence enforcement (database-side) an available employee can claim, and becomes ineligible once away","status":"passed","title":"an available employee can claim, and becomes ineligible once away","duration":2895.631487999999,"failureMessages":[],"meta":{},"tags":[]},{"ancestorTitles":["claim & routing concurrency","4. profile status and membership status"],"fullName":"claim & routing concurrency 4. profile status and membership status claim is denied when profile inactive","status":"passed","title":"claim is denied when profile inactive","duration":2374.023688000001,"failureMessages":[],"meta":{},"tags":[]},{"ancestorTitles":["claim & routing concurrency","4. profile status and membership status"],"fullName":"claim & routing concurrency 4. profile status and membership status claim is denied when profile suspended","status":"passed","title":"claim is denied when profile suspended","duration":2225.286070000002,"failureMessages":[],"meta":{},"tags":[]},{"ancestorTitles":["claim & routing concurrency","4. profile status and membership status"],"fullName":"claim & routing concurrency 4. profile status and membership status claim is denied when membership suspended","status":"passed","title":"claim is denied when membership suspended","duration":2073.276125000004,"failureMessages":[],"meta":{},"tags":[]},{"ancestorTitles":["claim & routing concurrency","4. profile status and membership status"],"fullName":"claim & routing concurrency 4. profile status and membership status claim is denied when membership removed","status":"passed","title":"claim is denied when membership removed","duration":2098.9209850000043,"failureMessages":[],"meta":{},"tags":[]},{"ancestorTitles":["claim & routing concurrency","4. profile status and membership status"],"fullName":"claim & routing concurrency 4. profile status and membership status an already-authenticated session cannot bypass a mid-session suspension","status":"passed","title":"an already-authenticated session cannot bypass a mid-session suspension","duration":3935.059911000004,"failureMessages":[],"meta":{},"tags":[]},{"ancestorTitles":["claim & routing concurrency","5. department enforcement"],"fullName":"claim & routing concurrency 5. department enforcement only a member of the conversation's department may claim it","status":"passed","title":"only a member of the conversation's department may claim it","duration":4080.1279379999905,"failureMessages":[],"meta":{},"tags":[]},{"ancestorTitles":["claim & routing concurrency","6. non-claimable conversations"],"fullName":"claim & routing concurrency 6. non-claimable conversations a resolved conversation cannot be claimed","status":"passed","title":"a resolved conversation cannot be claimed","duration":2254.2427739999985,"failureMessages":[],"meta":{},"tags":[]},{"ancestorTitles":["claim & routing concurrency","6. non-claimable conversations"],"fullName":"claim & routing concurrency 6. non-claimable conversations a closed conversation cannot be claimed","status":"passed","title":"a closed conversation cannot be claimed","duration":2249.6201629999996,"failureMessages":[],"meta":{},"tags":[]},{"ancestorTitles":["claim & routing concurrency","6. non-claimable conversations"],"fullName":"claim & routing concurrency 6. non-claimable conversations a archived conversation cannot be claimed","status":"passed","title":"a archived conversation cannot be claimed","duration":2632.801158999995,"failureMessages":[],"meta":{},"tags":[]},{"ancestorTitles":["claim & routing concurrency","6. non-claimable conversations"],"fullName":"claim & routing concurrency 6. non-claimable conversations a spam conversation cannot be claimed","status":"passed","title":"a spam conversation cannot be claimed","duration":1971.718961999999,"failureMessages":[],"meta":{},"tags":[]},{"ancestorTitles":["claim & routing concurrency","6. non-claimable conversations"],"fullName":"claim & routing concurrency 6. non-claimable conversations an already assigned conversation cannot be claimed by someone else","status":"passed","title":"an already assigned conversation cannot be claimed by someone else","duration":3547.3325040000054,"failureMessages":[],"meta":{},"tags":[]},{"ancestorTitles":["claim & routing concurrency","7. round-robin eligibility"],"fullName":"claim & routing concurrency 7. round-robin eligibility skips inactive members, inactive profiles, unavailable agents, outsiders and full agents","status":"passed","title":"skips inactive members, inactive profiles, unavailable agents, outsiders and full agents","duration":10772.708318999998,"failureMessages":[],"meta":{},"tags":[]},{"ancestorTitles":["claim & routing concurrency","7. round-robin eligibility"],"fullName":"claim & routing concurrency 7. round-robin eligibility leaves the conversation waiting when nobody is eligible","status":"passed","title":"leaves the conversation waiting when nobody is eligible","duration":2617.1798969999945,"failureMessages":[],"meta":{},"tags":[]},{"ancestorTitles":["claim & routing concurrency","8. round-robin capacity under concurrency"],"fullName":"claim & routing concurrency 8. round-robin capacity under concurrency a single capacity-1 agent never receives more than one conversation","status":"passed","title":"a single capacity-1 agent never receives more than one conversation","duration":5534.727312000003,"failureMessages":[],"meta":{},"tags":[]},{"ancestorTitles":["claim & routing concurrency","8. round-robin capacity under concurrency"],"fullName":"claim & routing concurrency 8. round-robin capacity under concurrency mixed capacities 1 / 2 / 5 are all respected under concurrent routing","status":"passed","title":"mixed capacities 1 / 2 / 5 are all respected under concurrent routing","duration":24657.717432000005,"failureMessages":[],"meta":{},"tags":[]},{"ancestorTitles":["claim & routing concurrency","9. post-selection revalidation"],"fullName":"claim & routing concurrency 9. post-selection revalidation skips a candidate that becomes busy and picks the next eligible one","status":"passed","title":"skips a candidate that becomes busy and picks the next eligible one","duration":5888.370765,"failureMessages":[],"meta":{},"tags":[]},{"ancestorTitles":["claim & routing concurrency","9. post-selection revalidation"],"fullName":"claim & routing concurrency 9. post-selection revalidation skips a candidate that goes offline and picks the next eligible one","status":"passed","title":"skips a candidate that goes offline and picks the next eligible one","duration":4795.66743999999,"failureMessages":[],"meta":{},"tags":[]},{"ancestorTitles":["claim & routing concurrency","9. post-selection revalidation"],"fullName":"claim & routing concurrency 9. post-selection revalidation skips a candidate that is suspended and picks the next eligible one","status":"passed","title":"skips a candidate that is suspended and picks the next eligible one","duration":4143.523209000006,"failureMessages":[],"meta":{},"tags":[]},{"ancestorTitles":["claim & routing concurrency","9. post-selection revalidation"],"fullName":"claim & routing concurrency 9. post-selection revalidation skips a candidate that leaves the department and picks the next eligible one","status":"passed","title":"skips a candidate that leaves the department and picks the next eligible one","duration":4120.946682000009,"failureMessages":[],"meta":{},"tags":[]},{"ancestorTitles":["claim & routing concurrency","9. post-selection revalidation"],"fullName":"claim & routing concurrency 9. post-selection revalidation skips a candidate that profile is deactivated and picks the next eligible one","status":"passed","title":"skips a candidate that profile is deactivated and picks the next eligible one","duration":3869.5146090000053,"failureMessages":[],"meta":{},"tags":[]},{"ancestorTitles":["claim & routing concurrency","9. post-selection revalidation"],"fullName":"claim & routing concurrency 9. post-selection revalidation skips a candidate that reached capacity and leaves the chat waiting when no one is left","status":"passed","title":"skips a candidate that reached capacity and leaves the chat waiting when no one is left","duration":3286.918561999977,"failureMessages":[],"meta":{},"tags":[]},{"ancestorTitles":["claim & routing concurrency","10. round-robin fairness"],"fullName":"claim & routing concurrency 10. round-robin fairness rotates across equally eligible agents without starving anyone","status":"passed","title":"rotates across equally eligible agents without starving anyone","duration":24813.146155999973,"failureMessages":[],"meta":{},"tags":[]},{"ancestorTitles":["claim & routing concurrency","11. zero capacity semantics"],"fullName":"claim & routing concurrency 11. zero capacity semantics documents max_concurrent_chats = 0 as unlimited for manual claim and routing","status":"passed","title":"documents max_concurrent_chats = 0 as unlimited for manual claim and routing","duration":5758.818948,"failureMessages":[],"meta":{},"tags":[]},{"ancestorTitles":["claim & routing concurrency","12. notification recipient eligibility"],"fullName":"claim & routing concurrency 12. notification recipient eligibility fans out only to eligible department members","status":"passed","title":"fans out only to eligible department members","duration":11871.495493000024,"failureMessages":[],"meta":{},"tags":[]},{"ancestorTitles":["claim & routing concurrency","13. transfer eligibility revalidates against live state"],"fullName":"claim & routing concurrency 13. transfer eligibility revalidates against live state re-resolved candidates flip to ineligible as conditions change","status":"passed","title":"re-resolved candidates flip to ineligible as conditions change","duration":7641.191810000018,"failureMessages":[],"meta":{},"tags":[]},{"ancestorTitles":["claim & routing concurrency","19. claim and routing stay database-side"],"fullName":"claim & routing concurrency 19. claim and routing stay database-side neither path pulls the organization's conversations into memory","status":"passed","title":"neither path pulls the organization's conversations into memory","duration":4.018878999981098,"failureMessages":[],"meta":{},"tags":[]},{"ancestorTitles":["claim & routing concurrency","19. claim and routing stay database-side"],"fullName":"claim & routing concurrency 19. claim and routing stay database-side a claim is a single database round trip and returns promptly","status":"passed","title":"a claim is a single database round trip and returns promptly","duration":2561.6996320000035,"failureMessages":[],"meta":{},"tags":[]}],"startTime":1788318681755,"endTime":1788318924731.6997,"status":"failed","message":"","name":"/dev-server/tests/concurrency-routing.test.ts"},{"assertionResults":[{"ancestorTitles":["csv serialisation"],"fullName":"csv serialisation emits a header row from the first record","status":"passed","title":"emits a header row from the first record","duration":2.8179370000000006,"failureMessages":[],"meta":{},"tags":[]},{"ancestorTitles":["csv serialisation"],"fullName":"csv serialisation quotes commas, quotes and newlines","status":"passed","title":"quotes commas, quotes and newlines","duration":0.6141599999999983,"failureMessages":[],"meta":{},"tags":[]},{"ancestorTitles":["csv serialisation"],"fullName":"csv serialisation neutralises spreadsheet formula injection","status":"passed","title":"neutralises spreadsheet formula injection","duration":0.611391999999995,"failureMessages":[],"meta":{},"tags":[]},{"ancestorTitles":["csv serialisation"],"fullName":"csv serialisation leaves ordinary values untouched","status":"passed","title":"leaves ordinary values untouched","duration":0.23610199999998827,"failureMessages":[],"meta":{},"tags":[]},{"ancestorTitles":["csv serialisation"],"fullName":"csv serialisation honours an explicit column list and blanks missing values","status":"passed","title":"honours an explicit column list and blanks missing values","duration":0.3627689999999859,"failureMessages":[],"meta":{},"tags":[]},{"ancestorTitles":["csv serialisation"],"fullName":"csv serialisation returns nothing for an empty dataset","status":"passed","title":"returns nothing for an empty dataset","duration":0.22578400000000443,"failureMessages":[],"meta":{},"tags":[]}],"startTime":1788319095794,"endTime":1788319095799.3628,"status":"passed","message":"","name":"/dev-server/tests/csv.test.ts"},{"assertionResults":[{"ancestorTitles":["organization timezone maths"],"fullName":"organization timezone maths falls back to the default zone for junk input","status":"passed","title":"falls back to the default zone for junk input","duration":20.276597000000038,"failureMessages":[],"meta":{},"tags":[]},{"ancestorTitles":["organization timezone maths"],"fullName":"organization timezone maths anchors 'today' on local midnight, not UTC midnight","status":"passed","title":"anchors 'today' on local midnight, not UTC midnight","duration":1.3905650000000378,"failureMessages":[],"meta":{},"tags":[]},{"ancestorTitles":["organization timezone maths"],"fullName":"organization timezone maths keeps a spring-forward day exactly one calendar day long","status":"passed","title":"keeps a spring-forward day exactly one calendar day long","duration":0.4220280000000116,"failureMessages":[],"meta":{},"tags":[]},{"ancestorTitles":["organization timezone maths"],"fullName":"organization timezone maths keeps a fall-back day exactly one calendar day long","status":"passed","title":"keeps a fall-back day exactly one calendar day long","duration":0.32017300000001114,"failureMessages":[],"meta":{},"tags":[]},{"ancestorTitles":["organization timezone maths"],"fullName":"organization timezone maths starts the week on local Monday midnight","status":"passed","title":"starts the week on local Monday midnight","duration":0.37457099999994625,"failureMessages":[],"meta":{},"tags":[]},{"ancestorTitles":["organization timezone maths"],"fullName":"organization timezone maths starts the month on the local first","status":"passed","title":"starts the month on the local first","duration":0.25774099999995315,"failureMessages":[],"meta":{},"tags":[]},{"ancestorTitles":["organization timezone maths"],"fullName":"organization timezone maths gives a comparison window of equal length","status":"passed","title":"gives a comparison window of equal length","duration":0.5125859999999989,"failureMessages":[],"meta":{},"tags":[]},{"ancestorTitles":["organization timezone maths"],"fullName":"organization timezone maths rolls 'last N days' back from local midnight, DST included","status":"passed","title":"rolls 'last N days' back from local midnight, DST included","duration":0.48464000000001306,"failureMessages":[],"meta":{},"tags":[]},{"ancestorTitles":["organization timezone maths"],"fullName":"organization timezone maths treats a picked date range as inclusive of the end day","status":"passed","title":"treats a picked date range as inclusive of the end day","duration":0.7552239999999983,"failureMessages":[],"meta":{},"tags":[]},{"ancestorTitles":["organization timezone maths"],"fullName":"organization timezone maths reads the same instant differently in two tenant zones","status":"passed","title":"reads the same instant differently in two tenant zones","duration":0.3813989999999876,"failureMessages":[],"meta":{},"tags":[]}],"startTime":1788319094536,"endTime":1788319094561.3813,"status":"passed","message":"","name":"/dev-server/tests/org-time.test.ts"},{"assertionResults":[{"ancestorTitles":["role permission bundles"],"fullName":"role permission bundles standard users only reach their own conversations","status":"passed","title":"standard users only reach their own conversations","duration":2.45488899999998,"failureMessages":[],"meta":{},"tags":[]},{"ancestorTitles":["role permission bundles"],"fullName":"role permission bundles team leads see their department but cannot administer","status":"passed","title":"team leads see their department but cannot administer","duration":0.3713000000000193,"failureMessages":[],"meta":{},"tags":[]},{"ancestorTitles":["role permission bundles"],"fullName":"role permission bundles only super admins manage security and organizations","status":"passed","title":"only super admins manage security and organizations","duration":0.29667100000000346,"failureMessages":[],"meta":{},"tags":[]},{"ancestorTitles":["role permission bundles"],"fullName":"role permission bundles platform billing and support never gain tenant administration","status":"passed","title":"platform billing and support never gain tenant administration","duration":0.5473170000000209,"failureMessages":[],"meta":{},"tags":[]},{"ancestorTitles":["privilege escalation guards"],"fullName":"privilege escalation guards blocks self role changes","status":"passed","title":"blocks self role changes","duration":0.3174790000000485,"failureMessages":[],"meta":{},"tags":[]},{"ancestorTitles":["privilege escalation guards"],"fullName":"privilege escalation guards stops administrators granting or editing super admin","status":"passed","title":"stops administrators granting or editing super admin","duration":0.19047899999998208,"failureMessages":[],"meta":{},"tags":[]},{"ancestorTitles":["privilege escalation guards"],"fullName":"privilege escalation guards stops managers and team leads changing roles at all","status":"passed","title":"stops managers and team leads changing roles at all","duration":0.2331429999999841,"failureMessages":[],"meta":{},"tags":[]},{"ancestorTitles":["privilege escalation guards"],"fullName":"privilege escalation guards allows an administrator to promote up to their own level","status":"passed","title":"allows an administrator to promote up to their own level","duration":0.17704999999995152,"failureMessages":[],"meta":{},"tags":[]},{"ancestorTitles":["privilege escalation guards"],"fullName":"privilege escalation guards allows a super admin to grant super admin","status":"passed","title":"allows a super admin to grant super admin","duration":0.6921399999999949,"failureMessages":[],"meta":{},"tags":[]}],"startTime":1788319095207,"endTime":1788319095212.6921,"status":"passed","message":"","name":"/dev-server/tests/permissions.test.ts"},{"assertionResults":[{"ancestorTitles":["authenticated RBAC boundaries","cross-tenant denial"],"fullName":"authenticated RBAC boundaries cross-tenant denial a member of tenant B sees no conversation from tenant A","status":"passed","title":"a member of tenant B sees no conversation from tenant A","duration":402.64835400000084,"failureMessages":[],"meta":{},"tags":[]},{"ancestorTitles":["authenticated RBAC boundaries","cross-tenant denial"],"fullName":"authenticated RBAC boundaries cross-tenant denial a member of tenant B cannot read tenant A's organization record","status":"passed","title":"a member of tenant B cannot read tenant A's organization record","duration":183.91470800000025,"failureMessages":[],"meta":{},"tags":[]},{"ancestorTitles":["authenticated RBAC boundaries","cross-tenant denial"],"fullName":"authenticated RBAC boundaries cross-tenant denial a member of tenant B cannot write into tenant A","status":"passed","title":"a member of tenant B cannot write into tenant A","duration":228.1338909999995,"failureMessages":[],"meta":{},"tags":[]},{"ancestorTitles":["authenticated RBAC boundaries","Standard Users"],"fullName":"authenticated RBAC boundaries Standard Users A and B both see the conversations in their shared department","status":"passed","title":"A and B both see the conversations in their shared department","duration":912.303202000001,"failureMessages":[],"meta":{},"tags":[]},{"ancestorTitles":["authenticated RBAC boundaries","Standard Users"],"fullName":"authenticated RBAC boundaries Standard Users B may view A's owned conversation but cannot take ownership of it","status":"passed","title":"B may view A's owned conversation but cannot take ownership of it","duration":522.5653470000016,"failureMessages":[],"meta":{},"tags":[]},{"ancestorTitles":["authenticated RBAC boundaries","Standard Users"],"fullName":"authenticated RBAC boundaries Standard Users B cannot reply on a conversation owned by A","status":"passed","title":"B cannot reply on a conversation owned by A","duration":220.8539669999991,"failureMessages":[],"meta":{},"tags":[]},{"ancestorTitles":["authenticated RBAC boundaries","Standard Users"],"fullName":"authenticated RBAC boundaries Standard Users A can reply on the conversation they own","status":"passed","title":"A can reply on the conversation they own","duration":217.29737300000124,"failureMessages":[],"meta":{},"tags":[]},{"ancestorTitles":["authenticated RBAC boundaries","Standard Users"],"fullName":"authenticated RBAC boundaries Standard Users C cannot see the other department's conversations","status":"passed","title":"C cannot see the other department's conversations","duration":334.9253319999989,"failureMessages":[],"meta":{},"tags":[]},{"ancestorTitles":["authenticated RBAC boundaries","Standard Users"],"fullName":"authenticated RBAC boundaries Standard Users C sees their own department's conversation","status":"passed","title":"C sees their own department's conversation","duration":189.204310000001,"failureMessages":[],"meta":{},"tags":[]},{"ancestorTitles":["authenticated RBAC boundaries","Standard Users"],"fullName":"authenticated RBAC boundaries Standard Users a Standard User cannot modify roles","status":"passed","title":"a Standard User cannot modify roles","duration":503.0440860000017,"failureMessages":[],"meta":{},"tags":[]},{"ancestorTitles":["authenticated RBAC boundaries","Standard Users"],"fullName":"authenticated RBAC boundaries Standard Users a Standard User cannot make themselves a platform administrator","status":"passed","title":"a Standard User cannot make themselves a platform administrator","duration":179.76384999999937,"failureMessages":[],"meta":{},"tags":[]},{"ancestorTitles":["authenticated RBAC boundaries","Standard Users"],"fullName":"authenticated RBAC boundaries Standard Users a Standard User cannot grant themselves a role row","status":"passed","title":"a Standard User cannot grant themselves a role row","duration":171.68670999999813,"failureMessages":[],"meta":{},"tags":[]},{"ancestorTitles":["authenticated RBAC boundaries","Team Lead"],"fullName":"authenticated RBAC boundaries Team Lead can access their assigned department's conversations","status":"passed","title":"can access their assigned department's conversations","duration":310.95991899999717,"failureMessages":[],"meta":{},"tags":[]},{"ancestorTitles":["authenticated RBAC boundaries","Team Lead"],"fullName":"authenticated RBAC boundaries Team Lead cannot access an unauthorized department","status":"passed","title":"cannot access an unauthorized department","duration":207.7843439999997,"failureMessages":[],"meta":{},"tags":[]},{"ancestorTitles":["authenticated RBAC boundaries","Team Lead"],"fullName":"authenticated RBAC boundaries Team Lead cannot change organization roles","status":"passed","title":"cannot change organization roles","duration":479.7636139999995,"failureMessages":[],"meta":{},"tags":[]},{"ancestorTitles":["authenticated RBAC boundaries","Manager"],"fullName":"authenticated RBAC boundaries Manager can access their assigned department","status":"passed","title":"can access their assigned department","duration":335.4730380000001,"failureMessages":[],"meta":{},"tags":[]},{"ancestorTitles":["authenticated RBAC boundaries","Manager"],"fullName":"authenticated RBAC boundaries Manager cannot access an unauthorized department","status":"passed","title":"cannot access an unauthorized department","duration":181.12674499999775,"failureMessages":[],"meta":{},"tags":[]},{"ancestorTitles":["authenticated RBAC boundaries","Manager"],"fullName":"authenticated RBAC boundaries Manager cannot change organization roles","status":"passed","title":"cannot change organization roles","duration":470.82178000000204,"failureMessages":[],"meta":{},"tags":[]},{"ancestorTitles":["authenticated RBAC boundaries","Manager with zero departments"],"fullName":"authenticated RBAC boundaries Manager with zero departments receives no department conversations at all","status":"passed","title":"receives no department conversations at all","duration":336.6947250000012,"failureMessages":[],"meta":{},"tags":[]},{"ancestorTitles":["authenticated RBAC boundaries","Manager with zero departments"],"fullName":"authenticated RBAC boundaries Manager with zero departments never falls back to organization-wide reporting scope","status":"passed","title":"never falls back to organization-wide reporting scope","duration":456.4773260000002,"failureMessages":[],"meta":{},"tags":[]},{"ancestorTitles":["authenticated RBAC boundaries","Administrator"],"fullName":"authenticated RBAC boundaries Administrator can access organization-wide conversations","status":"passed","title":"can access organization-wide conversations","duration":229.53423000000112,"failureMessages":[],"meta":{},"tags":[]},{"ancestorTitles":["authenticated RBAC boundaries","Administrator"],"fullName":"authenticated RBAC boundaries Administrator cannot access organization B","status":"passed","title":"cannot access organization B","duration":361.5198449999989,"failureMessages":[],"meta":{},"tags":[]},{"ancestorTitles":["authenticated RBAC boundaries","Administrator"],"fullName":"authenticated RBAC boundaries Administrator cannot promote another user to Super Admin","status":"passed","title":"cannot promote another user to Super Admin","duration":471.3398820000002,"failureMessages":[],"meta":{},"tags":[]},{"ancestorTitles":["authenticated RBAC boundaries","Administrator"],"fullName":"authenticated RBAC boundaries Administrator cannot modify their own role","status":"passed","title":"cannot modify their own role","duration":390.5710650000001,"failureMessages":[],"meta":{},"tags":[]},{"ancestorTitles":["authenticated RBAC boundaries","Super Admin"],"fullName":"authenticated RBAC boundaries Super Admin receives organization-wide access","status":"passed","title":"receives organization-wide access","duration":214.63232400000197,"failureMessages":[],"meta":{},"tags":[]},{"ancestorTitles":["authenticated RBAC boundaries","Super Admin"],"fullName":"authenticated RBAC boundaries Super Admin still cannot access another tenant","status":"passed","title":"still cannot access another tenant","duration":371.4917089999981,"failureMessages":[],"meta":{},"tags":[]},{"ancestorTitles":["authenticated RBAC boundaries","personal profile updates never grant authority"],"fullName":"authenticated RBAC boundaries personal profile updates never grant authority userA cannot move themselves to another organization","status":"passed","title":"userA cannot move themselves to another organization","duration":420.8432549999998,"failureMessages":[],"meta":{},"tags":[]},{"ancestorTitles":["authenticated RBAC boundaries","personal profile updates never grant authority"],"fullName":"authenticated RBAC boundaries personal profile updates never grant authority userA cannot raise their own concurrent chat capacity","status":"passed","title":"userA cannot raise their own concurrent chat capacity","duration":605.9217650000028,"failureMessages":[],"meta":{},"tags":[]},{"ancestorTitles":["authenticated RBAC boundaries","personal profile updates never grant authority"],"fullName":"authenticated RBAC boundaries personal profile updates never grant authority userA cannot change their own account status","status":"passed","title":"userA cannot change their own account status","duration":638.0687639999996,"failureMessages":[],"meta":{},"tags":[]},{"ancestorTitles":["authenticated RBAC boundaries","personal profile updates never grant authority"],"fullName":"authenticated RBAC boundaries personal profile updates never grant authority userA's profile email keeps mirroring the sign-in email","status":"passed","title":"userA's profile email keeps mirroring the sign-in email","duration":406.85756499999843,"failureMessages":[],"meta":{},"tags":[]},{"ancestorTitles":["authenticated RBAC boundaries","personal profile updates never grant authority"],"fullName":"authenticated RBAC boundaries personal profile updates never grant authority adminA cannot move themselves to another organization","status":"passed","title":"adminA cannot move themselves to another organization","duration":367.6672240000007,"failureMessages":[],"meta":{},"tags":[]},{"ancestorTitles":["authenticated RBAC boundaries","personal profile updates never grant authority"],"fullName":"authenticated RBAC boundaries personal profile updates never grant authority adminA cannot raise their own concurrent chat capacity","status":"passed","title":"adminA cannot raise their own concurrent chat capacity","duration":579.3189210000019,"failureMessages":[],"meta":{},"tags":[]},{"ancestorTitles":["authenticated RBAC boundaries","personal profile updates never grant authority"],"fullName":"authenticated RBAC boundaries personal profile updates never grant authority adminA cannot change their own account status","status":"passed","title":"adminA cannot change their own account status","duration":571.9624809999987,"failureMessages":[],"meta":{},"tags":[]},{"ancestorTitles":["authenticated RBAC boundaries","personal profile updates never grant authority"],"fullName":"authenticated RBAC boundaries personal profile updates never grant authority adminA's profile email keeps mirroring the sign-in email","status":"passed","title":"adminA's profile email keeps mirroring the sign-in email","duration":361.7717160000029,"failureMessages":[],"meta":{},"tags":[]},{"ancestorTitles":["authenticated RBAC boundaries","personal profile updates never grant authority"],"fullName":"authenticated RBAC boundaries personal profile updates never grant authority superA cannot move themselves to another organization","status":"passed","title":"superA cannot move themselves to another organization","duration":380.7728500000012,"failureMessages":[],"meta":{},"tags":[]},{"ancestorTitles":["authenticated RBAC boundaries","personal profile updates never grant authority"],"fullName":"authenticated RBAC boundaries personal profile updates never grant authority superA cannot raise their own concurrent chat capacity","status":"passed","title":"superA cannot raise their own concurrent chat capacity","duration":587.6364140000005,"failureMessages":[],"meta":{},"tags":[]},{"ancestorTitles":["authenticated RBAC boundaries","personal profile updates never grant authority"],"fullName":"authenticated RBAC boundaries personal profile updates never grant authority superA cannot change their own account status","status":"passed","title":"superA cannot change their own account status","duration":572.0980799999998,"failureMessages":[],"meta":{},"tags":[]},{"ancestorTitles":["authenticated RBAC boundaries","personal profile updates never grant authority"],"fullName":"authenticated RBAC boundaries personal profile updates never grant authority superA's profile email keeps mirroring the sign-in email","status":"passed","title":"superA's profile email keeps mirroring the sign-in email","duration":381.7232949999998,"failureMessages":[],"meta":{},"tags":[]},{"ancestorTitles":["authenticated RBAC boundaries","personal profile updates never grant authority"],"fullName":"authenticated RBAC boundaries personal profile updates never grant authority a Standard User can still edit their own personal details","status":"passed","title":"a Standard User can still edit their own personal details","duration":385.26509799999985,"failureMessages":[],"meta":{},"tags":[]},{"ancestorTitles":["authenticated RBAC boundaries","personal profile updates never grant authority"],"fullName":"authenticated RBAC boundaries personal profile updates never grant authority a Standard User cannot edit a colleague's profile","status":"passed","title":"a Standard User cannot edit a colleague's profile","duration":363.97392299999774,"failureMessages":[],"meta":{},"tags":[]},{"ancestorTitles":["authenticated RBAC boundaries","personal profile updates never grant authority"],"fullName":"authenticated RBAC boundaries personal profile updates never grant authority an Administrator can still perform authorized staff management on another employee","status":"passed","title":"an Administrator can still perform authorized staff management on another employee","duration":602.8715680000023,"failureMessages":[],"meta":{},"tags":[]},{"ancestorTitles":["authenticated RBAC boundaries","role -> permission -> reporting scope"],"fullName":"authenticated RBAC boundaries role -> permission -> reporting scope a Standard User resolves to self scope","status":"passed","title":"a Standard User resolves to self scope","duration":383.16489300000103,"failureMessages":[],"meta":{},"tags":[]},{"ancestorTitles":["authenticated RBAC boundaries","role -> permission -> reporting scope"],"fullName":"authenticated RBAC boundaries role -> permission -> reporting scope a Team Lead resolves to their assigned departments","status":"passed","title":"a Team Lead resolves to their assigned departments","duration":350.64265499999965,"failureMessages":[],"meta":{},"tags":[]},{"ancestorTitles":["authenticated RBAC boundaries","role -> permission -> reporting scope"],"fullName":"authenticated RBAC boundaries role -> permission -> reporting scope a Manager resolves to their assigned departments","status":"passed","title":"a Manager resolves to their assigned departments","duration":362.90001499999926,"failureMessages":[],"meta":{},"tags":[]},{"ancestorTitles":["authenticated RBAC boundaries","role -> permission -> reporting scope"],"fullName":"authenticated RBAC boundaries role -> permission -> reporting scope an Administrator resolves to organization scope","status":"passed","title":"an Administrator resolves to organization scope","duration":414.6434530000006,"failureMessages":[],"meta":{},"tags":[]},{"ancestorTitles":["authenticated RBAC boundaries","role -> permission -> reporting scope"],"fullName":"authenticated RBAC boundaries role -> permission -> reporting scope a Super Admin resolves to organization scope","status":"passed","title":"a Super Admin resolves to organization scope","duration":343.24619299999904,"failureMessages":[],"meta":{},"tags":[]},{"ancestorTitles":["authenticated RBAC boundaries","eligible transfer targets"],"fullName":"authenticated RBAC boundaries eligible transfer targets only lists teammates in the conversation's department","status":"passed","title":"only lists teammates in the conversation's department","duration":249.35977999999886,"failureMessages":[],"meta":{},"tags":[]},{"ancestorTitles":["authenticated RBAC boundaries","eligible transfer targets"],"fullName":"authenticated RBAC boundaries eligible transfer targets is not callable by signed-in users directly","status":"passed","title":"is not callable by signed-in users directly","duration":185.13431900000433,"failureMessages":[],"meta":{},"tags":[]},{"ancestorTitles":["authenticated RBAC boundaries","membership suspension revokes an existing session"],"fullName":"authenticated RBAC boundaries membership suspension revokes an existing session denies tenant reads and writes on the still-signed-in client","status":"passed","title":"denies tenant reads and writes on the still-signed-in client","duration":955.602297999998,"failureMessages":[],"meta":{},"tags":[]}],"startTime":1788319059365,"endTime":1788319078735.6023,"status":"passed","message":"","name":"/dev-server/tests/rbac.test.ts"},{"assertionResults":[{"ancestorTitles":["reporting scope"],"fullName":"reporting scope gives organization-wide callers an unrestricted scope","status":"passed","title":"gives organization-wide callers an unrestricted scope","duration":3.61238800000001,"failureMessages":[],"meta":{},"tags":[]},{"ancestorTitles":["reporting scope"],"fullName":"reporting scope confines a team lead to their own departments but not to themselves","status":"passed","title":"confines a team lead to their own departments but not to themselves","duration":1.1601150000000189,"failureMessages":[],"meta":{},"tags":[]},{"ancestorTitles":["reporting scope"],"fullName":"reporting scope confines an agent to their own rows and departments","status":"passed","title":"confines an agent to their own rows and departments","duration":0.4224829999999997,"failureMessages":[],"meta":{},"tags":[]},{"ancestorTitles":["reporting scope"],"fullName":"reporting scope never widens an empty department scope to the whole tenant","status":"passed","title":"never widens an empty department scope to the whole tenant","duration":0.20906600000000708,"failureMessages":[],"meta":{},"tags":[]},{"ancestorTitles":["reporting scope"],"fullName":"reporting scope blocks org-wide sections for self-level callers","status":"passed","title":"blocks org-wide sections for self-level callers","duration":0.40128400000000397,"failureMessages":[],"meta":{},"tags":[]},{"ancestorTitles":["reporting scope"],"fullName":"reporting scope allows every section at team level and above","status":"passed","title":"allows every section at team level and above","duration":0.25512000000003354,"failureMessages":[],"meta":{},"tags":[]},{"ancestorTitles":["dashboard scope"],"fullName":"dashboard scope maps permissions to levels","status":"passed","title":"maps permissions to levels","duration":0.3604459999999676,"failureMessages":[],"meta":{},"tags":[]},{"ancestorTitles":["dashboard scope"],"fullName":"dashboard scope keeps everything for organization scope","status":"passed","title":"keeps everything for organization scope","duration":0.2707969999999591,"failureMessages":[],"meta":{},"tags":[]},{"ancestorTitles":["dashboard scope"],"fullName":"dashboard scope strips organization counters for a team dashboard","status":"passed","title":"strips organization counters for a team dashboard","duration":0.5455479999999966,"failureMessages":[],"meta":{},"tags":[]},{"ancestorTitles":["dashboard scope"],"fullName":"dashboard scope strips organization and department data for a self dashboard","status":"passed","title":"strips organization and department data for a self dashboard","duration":0.2940330000000131,"failureMessages":[],"meta":{},"tags":[]}],"startTime":1788319095487,"endTime":1788319095495.5457,"status":"passed","message":"","name":"/dev-server/tests/report-scope.test.ts"},{"assertionResults":[{"ancestorTitles":["reporting at volume"],"fullName":"reporting at volume reports the exact total for the tenant","status":"passed","title":"reports the exact total for the tenant","duration":16252.990919000002,"failureMessages":[],"meta":{},"tags":[]},{"ancestorTitles":["reporting at volume"],"fullName":"reporting at volume pages through every record exactly once, with no duplicates or skips","status":"failed","title":"pages through every record exactly once, with no duplicates or skips","duration":52177.12978,"failureMessages":["Error: report_tickets: Could not query the database for the schema cache. Retrying.\n    at attempt (/dev-server/tests/reporting-reconciliation.test.ts:66:9)\n    at processTicksAndRejections (node:internal/process/task_queues:105:5)\n    at /dev-server/tests/reporting-reconciliation.test.ts:234:20\n    at file:///dev-server/node_modules/@vitest/runner/dist/chunk-artifact.js:1903:20"],"meta":{},"tags":[]},{"ancestorTitles":["reporting at volume"],"fullName":"reporting at volume orders deterministically across repeated reads","status":"failed","title":"orders deterministically across repeated reads","duration":2021.9720320000051,"failureMessages":["Error: report_tickets: Could not query the database for the schema cache. Retrying.\n    at attempt (/dev-server/tests/reporting-reconciliation.test.ts:66:9)\n    at processTicksAndRejections (node:internal/process/task_queues:105:5)\n    at /dev-server/tests/reporting-reconciliation.test.ts:244:15\n    at file:///dev-server/node_modules/@vitest/runner/dist/chunk-artifact.js:1903:20"],"meta":{},"tags":[]},{"ancestorTitles":["reporting at volume"],"fullName":"reporting at volume combines a filter with pagination without losing rows","status":"failed","title":"combines a filter with pagination without losing rows","duration":1674.8480930000078,"failureMessages":["Error: report_tickets: Could not query the database for the schema cache. Retrying.\n    at attempt (/dev-server/tests/reporting-reconciliation.test.ts:66:9)\n    at processTicksAndRejections (node:internal/process/task_queues:105:5)\n    at /dev-server/tests/reporting-reconciliation.test.ts:254:19\n    at file:///dev-server/node_modules/@vitest/runner/dist/chunk-artifact.js:1903:20"],"meta":{},"tags":[]},{"ancestorTitles":["reporting at volume"],"fullName":"reporting at volume returns an empty page — never a wrapped one — past the last page","status":"failed","title":"returns an empty page — never a wrapped one — past the last page","duration":2375.9232989999873,"failureMessages":["Error: report_tickets: Could not query the database for the schema cache. Retrying.\n    at attempt (/dev-server/tests/reporting-reconciliation.test.ts:66:9)\n    at processTicksAndRejections (node:internal/process/task_queues:105:5)\n    at /dev-server/tests/reporting-reconciliation.test.ts:269:18\n    at file:///dev-server/node_modules/@vitest/runner/dist/chunk-artifact.js:1903:20"],"meta":{},"tags":[]},{"ancestorTitles":["reporting at volume"],"fullName":"reporting at volume never returns another tenant's conversations","status":"failed","title":"never returns another tenant's conversations","duration":2379.040950999988,"failureMessages":["Error: report_tickets: Could not query the database for the schema cache. Retrying.\n    at attempt (/dev-server/tests/reporting-reconciliation.test.ts:66:9)\n    at processTicksAndRejections (node:internal/process/task_queues:105:5)\n    at /dev-server/tests/reporting-reconciliation.test.ts:275:18\n    at file:///dev-server/node_modules/@vitest/runner/dist/chunk-artifact.js:1903:20"],"meta":{},"tags":[]},{"ancestorTitles":["reporting at volume"],"fullName":"reporting at volume clamps a department filter to the requested department only","status":"failed","title":"clamps a department filter to the requested department only","duration":2492.3655810000055,"failureMessages":["Error: report_tickets: Could not query the database for the schema cache. Retrying.\n    at attempt (/dev-server/tests/reporting-reconciliation.test.ts:66:9)\n    at processTicksAndRejections (node:internal/process/task_queues:105:5)\n    at /dev-server/tests/reporting-reconciliation.test.ts:283:17\n    at file:///dev-server/node_modules/@vitest/runner/dist/chunk-artifact.js:1903:20"],"meta":{},"tags":[]},{"ancestorTitles":["reporting at volume"],"fullName":"reporting at volume returns nothing for a scope with no departments","status":"failed","title":"returns nothing for a scope with no departments","duration":2434.737236000001,"failureMessages":["Error: report_tickets: Could not query the database for the schema cache. Retrying.\n    at attempt (/dev-server/tests/reporting-reconciliation.test.ts:66:9)\n    at processTicksAndRejections (node:internal/process/task_queues:105:5)\n    at /dev-server/tests/reporting-reconciliation.test.ts:290:18\n    at file:///dev-server/node_modules/@vitest/runner/dist/chunk-artifact.js:1903:20"],"meta":{},"tags":[]},{"ancestorTitles":["reporting at volume"],"fullName":"reporting at volume overview counts reconcile exactly with the ticket drill-downs","status":"failed","title":"overview counts reconcile exactly with the ticket drill-downs","duration":44282.096678999995,"failureMessages":["Error: report_overview: Could not query the database for the schema cache. Retrying.\n    at attempt (/dev-server/tests/reporting-reconciliation.test.ts:66:9)\n    at processTicksAndRejections (node:internal/process/task_queues:105:5)\n    at /dev-server/tests/reporting-reconciliation.test.ts:297:22\n    at file:///dev-server/node_modules/@vitest/runner/dist/chunk-artifact.js:1903:20"],"meta":{},"tags":[]},{"ancestorTitles":["reporting at volume"],"fullName":"reporting at volume counts unique transferred conversations, not transfer events","status":"failed","title":"counts unique transferred conversations, not transfer events","duration":2292.1937559999933,"failureMessages":["Error: report_tickets: Could not query the database for the schema cache. Retrying.\n    at attempt (/dev-server/tests/reporting-reconciliation.test.ts:66:9)\n    at processTicksAndRejections (node:internal/process/task_queues:105:5)\n    at /dev-server/tests/reporting-reconciliation.test.ts:318:18\n    at file:///dev-server/node_modules/@vitest/runner/dist/chunk-artifact.js:1903:20"],"meta":{},"tags":[]},{"ancestorTitles":["reporting at volume"],"fullName":"reporting at volume separates resolved, closed and completed","status":"failed","title":"separates resolved, closed and completed","duration":4379.438109999988,"failureMessages":["Error: report_tickets: Could not query the database for the schema cache. Retrying.\n    at attempt (/dev-server/tests/reporting-reconciliation.test.ts:66:9)\n    at processTicksAndRejections (node:internal/process/task_queues:105:5)\n    at /dev-server/tests/reporting-reconciliation.test.ts:329:22\n    at file:///dev-server/node_modules/@vitest/runner/dist/chunk-artifact.js:1903:20"],"meta":{},"tags":[]},{"ancestorTitles":["AI-only completion"],"fullName":"AI-only completion only credits a completed, human-free conversation","status":"passed","title":"only credits a completed, human-free conversation","duration":639.1622119999956,"failureMessages":[],"meta":{},"tags":[]},{"ancestorTitles":["AI-only completion"],"fullName":"AI-only completion does not count an unresolved AI conversation as a completion","status":"passed","title":"does not count an unresolved AI conversation as a completion","duration":709.3291880000033,"failureMessages":[],"meta":{},"tags":[]},{"ancestorTitles":["AI-only completion"],"fullName":"AI-only completion disqualifies a conversation with a historical agent message","status":"passed","title":"disqualifies a conversation with a historical agent message","duration":429.92405100000906,"failureMessages":[],"meta":{},"tags":[]},{"ancestorTitles":["AI-only completion"],"fullName":"AI-only completion disqualifies a conversation with a human-request event","status":"passed","title":"disqualifies a conversation with a human-request event","duration":439.82752700001583,"failureMessages":[],"meta":{},"tags":[]},{"ancestorTitles":["AI-only completion"],"fullName":"AI-only completion leaves a purely AI conversation untouched by humans","status":"passed","title":"leaves a purely AI conversation untouched by humans","duration":399.2477820000204,"failureMessages":[],"meta":{},"tags":[]},{"ancestorTitles":["AI-only completion"],"fullName":"AI-only completion scopes to a department","status":"passed","title":"scopes to a department","duration":857.6644810000143,"failureMessages":[],"meta":{},"tags":[]},{"ancestorTitles":["AI-only completion"],"fullName":"AI-only completion returns no rate at all when there is nothing to measure","status":"passed","title":"returns no rate at all when there is nothing to measure","duration":362.4037720000488,"failureMessages":[],"meta":{},"tags":[]},{"ancestorTitles":["reporting scope cannot be widened from the client"],"fullName":"reporting scope cannot be widened from the client confines a standard user to their own records","status":"passed","title":"confines a standard user to their own records","duration":2.008782999997493,"failureMessages":[],"meta":{},"tags":[]},{"ancestorTitles":["reporting scope cannot be widened from the client"],"fullName":"reporting scope cannot be widened from the client confines a team lead to their departments but not to one person","status":"passed","title":"confines a team lead to their departments but not to one person","duration":0.655652999994345,"failureMessages":[],"meta":{},"tags":[]},{"ancestorTitles":["reporting scope cannot be widened from the client"],"fullName":"reporting scope cannot be widened from the client gives an administrator the whole organization and nothing beyond it","status":"passed","title":"gives an administrator the whole organization and nothing beyond it","duration":1.4194340000394732,"failureMessages":[],"meta":{},"tags":[]},{"ancestorTitles":["reporting scope cannot be widened from the client"],"fullName":"reporting scope cannot be widened from the client gives a caller with no reporting permission nothing","status":"passed","title":"gives a caller with no reporting permission nothing","duration":0.31868099997518584,"failureMessages":[],"meta":{},"tags":[]}],"startTime":1788318427392,"endTime":1788318679565.3186,"status":"failed","message":"","name":"/dev-server/tests/reporting-reconciliation.test.ts"},{"assertionResults":[{"ancestorTitles":["anonymous access is denied to tenant data"],"fullName":"anonymous access is denied to tenant data anon cannot read organizations","status":"passed","title":"anon cannot read organizations","duration":294.18830500000007,"failureMessages":[],"meta":{},"tags":[]},{"ancestorTitles":["anonymous access is denied to tenant data"],"fullName":"anonymous access is denied to tenant data anon cannot read organization_memberships","status":"passed","title":"anon cannot read organization_memberships","duration":225.02397200000007,"failureMessages":[],"meta":{},"tags":[]},{"ancestorTitles":["anonymous access is denied to tenant data"],"fullName":"anonymous access is denied to tenant data anon cannot read platform_admins","status":"passed","title":"anon cannot read platform_admins","duration":181.63833599999998,"failureMessages":[],"meta":{},"tags":[]},{"ancestorTitles":["anonymous access is denied to tenant data"],"fullName":"anonymous access is denied to tenant data anon cannot read profiles","status":"passed","title":"anon cannot read profiles","duration":174.34591299999988,"failureMessages":[],"meta":{},"tags":[]},{"ancestorTitles":["anonymous access is denied to tenant data"],"fullName":"anonymous access is denied to tenant data anon cannot read departments","status":"passed","title":"anon cannot read departments","duration":180.88201600000002,"failureMessages":[],"meta":{},"tags":[]},{"ancestorTitles":["anonymous access is denied to tenant data"],"fullName":"anonymous access is denied to tenant data anon cannot read department_members","status":"passed","title":"anon cannot read department_members","duration":209.909944,"failureMessages":[],"meta":{},"tags":[]},{"ancestorTitles":["anonymous access is denied to tenant data"],"fullName":"anonymous access is denied to tenant data anon cannot read conversations","status":"passed","title":"anon cannot read conversations","duration":182.05875300000002,"failureMessages":[],"meta":{},"tags":[]},{"ancestorTitles":["anonymous access is denied to tenant data"],"fullName":"anonymous access is denied to tenant data anon cannot read messages","status":"passed","title":"anon cannot read messages","duration":183.90216899999996,"failureMessages":[],"meta":{},"tags":[]},{"ancestorTitles":["anonymous access is denied to tenant data"],"fullName":"anonymous access is denied to tenant data anon cannot read contacts","status":"passed","title":"anon cannot read contacts","duration":174.04250000000002,"failureMessages":[],"meta":{},"tags":[]},{"ancestorTitles":["anonymous access is denied to tenant data"],"fullName":"anonymous access is denied to tenant data anon cannot read intake_requests","status":"passed","title":"anon cannot read intake_requests","duration":195.27200200000016,"failureMessages":[],"meta":{},"tags":[]},{"ancestorTitles":["anonymous access is denied to tenant data"],"fullName":"anonymous access is denied to tenant data anon cannot read knowledge_articles","status":"passed","title":"anon cannot read knowledge_articles","duration":187.33542700000044,"failureMessages":[],"meta":{},"tags":[]},{"ancestorTitles":["anonymous access is denied to tenant data"],"fullName":"anonymous access is denied to tenant data anon cannot read knowledge_chunks","status":"passed","title":"anon cannot read knowledge_chunks","duration":192.48034600000028,"failureMessages":[],"meta":{},"tags":[]},{"ancestorTitles":["anonymous access is denied to tenant data"],"fullName":"anonymous access is denied to tenant data anon cannot read audit_logs","status":"passed","title":"anon cannot read audit_logs","duration":184.60231999999996,"failureMessages":[],"meta":{},"tags":[]},{"ancestorTitles":["anonymous access is denied to tenant data"],"fullName":"anonymous access is denied to tenant data anon cannot read notifications","status":"passed","title":"anon cannot read notifications","duration":175.72706800000014,"failureMessages":[],"meta":{},"tags":[]},{"ancestorTitles":["anonymous access is denied to tenant data"],"fullName":"anonymous access is denied to tenant data anon cannot read organization_invitations","status":"passed","title":"anon cannot read organization_invitations","duration":180.52425600000015,"failureMessages":[],"meta":{},"tags":[]},{"ancestorTitles":["anonymous access is denied to tenant data"],"fullName":"anonymous access is denied to tenant data anon cannot read websites","status":"passed","title":"anon cannot read websites","duration":193.5001239999997,"failureMessages":[],"meta":{},"tags":[]},{"ancestorTitles":["anonymous access is denied to tenant data"],"fullName":"anonymous access is denied to tenant data anon cannot write to conversations","status":"passed","title":"anon cannot write to conversations","duration":219.0816530000002,"failureMessages":[],"meta":{},"tags":[]},{"ancestorTitles":["anonymous access is denied to tenant data"],"fullName":"anonymous access is denied to tenant data anon cannot write to messages","status":"passed","title":"anon cannot write to messages","duration":175.58231999999998,"failureMessages":[],"meta":{},"tags":[]},{"ancestorTitles":["anonymous access is denied to tenant data"],"fullName":"anonymous access is denied to tenant data anon cannot write to contacts","status":"passed","title":"anon cannot write to contacts","duration":184.06309399999964,"failureMessages":[],"meta":{},"tags":[]},{"ancestorTitles":["anonymous access is denied to tenant data"],"fullName":"anonymous access is denied to tenant data anon cannot write to intake_requests","status":"passed","title":"anon cannot write to intake_requests","duration":184.19042199999967,"failureMessages":[],"meta":{},"tags":[]},{"ancestorTitles":["anonymous access is denied to tenant data"],"fullName":"anonymous access is denied to tenant data anon cannot escalate privileges through membership tables","status":"passed","title":"anon cannot escalate privileges through membership tables","duration":369.9584759999998,"failureMessages":[],"meta":{},"tags":[]},{"ancestorTitles":["anonymous access is denied to tenant data"],"fullName":"anonymous access is denied to tenant data anon cannot call privileged helper functions","status":"passed","title":"anon cannot call privileged helper functions","duration":401.2694040000006,"failureMessages":[],"meta":{},"tags":[]},{"ancestorTitles":["anonymous access is denied to tenant data"],"fullName":"anonymous access is denied to tenant data public widget endpoints refuse forged session tokens","status":"passed","title":"public widget endpoints refuse forged session tokens","duration":10.293547000000217,"failureMessages":[],"meta":{},"tags":[]}],"startTime":1788319089527,"endTime":1788319094190.2935,"status":"passed","message":"","name":"/dev-server/tests/tenant-isolation.test.ts"},{"assertionResults":[{"ancestorTitles":["widget session tokens"],"fullName":"widget session tokens round-trips a signed session","status":"passed","title":"round-trips a signed session","duration":7.293462999999974,"failureMessages":[],"meta":{},"tags":[]},{"ancestorTitles":["widget session tokens"],"fullName":"widget session tokens rejects a token whose payload was tampered with (tenant swap)","status":"passed","title":"rejects a token whose payload was tampered with (tenant swap)","duration":3.922007000000008,"failureMessages":[],"meta":{},"tags":[]},{"ancestorTitles":["widget session tokens"],"fullName":"widget session tokens rejects unsigned, empty and malformed tokens","status":"passed","title":"rejects unsigned, empty and malformed tokens","duration":1.0705030000000306,"failureMessages":[],"meta":{},"tags":[]},{"ancestorTitles":["widget session tokens"],"fullName":"widget session tokens mints unpredictable session ids","status":"passed","title":"mints unpredictable session ids","duration":5.191219999999987,"failureMessages":[],"meta":{},"tags":[]}],"startTime":1788319094870,"endTime":1788319094888.1912,"status":"passed","message":"","name":"/dev-server/tests/widget-session.test.ts"}]}